This is XeTeX, Version 3.14159265-2.6-0.99999 (MiKTeX 2.9.6800 64-bit) (preloaded format=xelatex 2018.12.4)  4 DEC 2018 19:25
entering extended mode
**./main.tex
(main.tex
LaTeX2e <2018-04-01> patch level 5
(NTHU_thesis.cls
Document Class: NTHU_thesis 2018/01/18 by sppmg

! LaTeX Error: File `thesis_base.cls' not found.

Type X to quit or <RETURN> to proceed,
or enter new name. (Default extension: cls)

Enter file name: 
! Emergency stop.
<read *> 
         
l.11 ^^M
        
*** (cannot \read from terminal in nonstop modes)

 
Here is how much of TeX's memory you used:
 16 strings out of 427798
 206 string characters out of 3147261
 63035 words of memory out of 3000000
 4106 multiletter control sequences out of 15000+200000
 3640 words of font info for 14 fonts, out of 3000000 for 9000
 1328 hyphenation exceptions out of 8191
 16i,0n,10p,160b,8s stack positions out of 5000i,500n,10000p,200000b,50000s
No pages of output.
