This is XeTeX, Version 3.14159265-2.6-0.99999 (MiKTeX 2.9.6930 64-bit) (preloaded format=xelatex 2019.1.9)  11 JAN 2019 17:02
entering extended mode
**./main.tex
(main.tex
LaTeX2e <2018-12-01>
(NTHU_thesis.cls
Document Class: NTHU_thesis 2018/01/18 by sppmg
(thesis_base.cls
Document Class: thesis_base 2018/01/18 by sppmg
("C:\Users\Alan Han\AppData\Local\Programs\MiKTeX 2.9\tex/latex/iftex\iftex.sty
"
Package: iftex 2013/04/04 v0.2 Provides if(tex) conditional for PDFTeX, XeTeX, 
and LuaTeX
)
("C:\Users\Alan Han\AppData\Local\Programs\MiKTeX 2.9\tex/latex/base\ifthen.sty
"
Package: ifthen 2014/09/29 v1.1c Standard LaTeX ifthen package (DPC)
)
("C:\Users\Alan Han\AppData\Local\Programs\MiKTeX 2.9\tex/latex/etoolbox\etoolb
ox.sty"
Package: etoolbox 2018/08/19 v2.5f e-TeX tools for LaTeX (JAW)
\etb@tempcnta=\count80
)
("C:\Users\Alan Han\AppData\Local\Programs\MiKTeX 2.9\tex/latex/ifplatform\ifpl
atform.sty"
Package: ifplatform 2017/10/13 v0.4a Testing for the operating system

("C:\Users\Alan Han\AppData\Local\Programs\MiKTeX 2.9\tex/latex/tools\shellesc.
sty"
Package: shellesc 2016/06/07 v0.02a unified shell escape interface for LaTeX
Package shellesc Info: Restricted shell escape enabled on input line 69.
)
("C:\Users\Alan Han\AppData\Local\Programs\MiKTeX 2.9\tex/generic/oberdiek\pdft
excmds.sty"
Package: pdftexcmds 2018/09/10 v0.29 Utility functions of pdfTeX for LuaTeX (HO
)

("C:\Users\Alan Han\AppData\Local\Programs\MiKTeX 2.9\tex/generic/oberdiek\infw
arerr.sty"
Package: infwarerr 2016/05/16 v1.4 Providing info/warning/error messages (HO)
)
("C:\Users\Alan Han\AppData\Local\Programs\MiKTeX 2.9\tex/generic/oberdiek\iflu
atex.sty"
Package: ifluatex 2016/05/16 v1.4 Provides the ifluatex switch (HO)
Package ifluatex Info: LuaTeX not detected.
)
("C:\Users\Alan Han\AppData\Local\Programs\MiKTeX 2.9\tex/generic/oberdiek\ltxc
mds.sty"
Package: ltxcmds 2016/05/16 v1.23 LaTeX kernel commands for general use (HO)
)
("C:\Users\Alan Han\AppData\Local\Programs\MiKTeX 2.9\tex/generic/oberdiek\ifpd
f.sty"
Package: ifpdf 2018/09/07 v3.3 Provides the ifpdf switch
)
Package pdftexcmds Info: LuaTeX not detected.
Package pdftexcmds Info: pdfTeX >= 1.30 not detected.
Package pdftexcmds Info: \pdf@primitive is available.
Package pdftexcmds Info: \pdf@ifprimitive is available.
Package pdftexcmds Info: \pdfdraftmode not found.
)
("C:\Users\Alan Han\AppData\Local\Programs\MiKTeX 2.9\tex/generic/oberdiek\catc
hfile.sty"
Package: catchfile 2016/05/16 v1.7 Catch the contents of a file (HO)

("C:\Users\Alan Han\AppData\Local\Programs\MiKTeX 2.9\tex/generic/oberdiek\etex
cmds.sty"
Package: etexcmds 2016/05/16 v1.6 Avoid name clashes with e-TeX commands (HO)
))

Package ifplatform Warning: 
    shell escape is disabled, so I can only detect \ifwindows.

)
("C:\Users\Alan Han\AppData\Local\Programs\MiKTeX 2.9\tex/latex/l3packages/xpar
se\xparse.sty"
("C:\Users\Alan Han\AppData\Local\Programs\MiKTeX 2.9\tex/latex/l3kernel\expl3.
sty"
Package: expl3 2019-01-01 L3 programming layer (loader) 

("C:\Users\Alan Han\AppData\Local\Programs\MiKTeX 2.9\tex/latex/l3kernel\expl3-
code.tex"
Package: expl3 2019-01-01 L3 programming layer (code)
\c_max_int=\count81
\l_tmpa_int=\count82
\l_tmpb_int=\count83
\g_tmpa_int=\count84
\g_tmpb_int=\count85
\g__kernel_prg_map_int=\count86
\c_log_iow=\count87
\l_iow_line_count_int=\count88
\l__iow_line_target_int=\count89
\l__iow_one_indent_int=\count90
\l__iow_indent_int=\count91
\c_zero_dim=\dimen102
\c_max_dim=\dimen103
\l_tmpa_dim=\dimen104
\l_tmpb_dim=\dimen105
\g_tmpa_dim=\dimen106
\g_tmpb_dim=\dimen107
\c_zero_skip=\skip41
\c_max_skip=\skip42
\l_tmpa_skip=\skip43
\l_tmpb_skip=\skip44
\g_tmpa_skip=\skip45
\g_tmpb_skip=\skip46
\c_zero_muskip=\muskip10
\c_max_muskip=\muskip11
\l_tmpa_muskip=\muskip12
\l_tmpb_muskip=\muskip13
\g_tmpa_muskip=\muskip14
\g_tmpb_muskip=\muskip15
\l_keys_choice_int=\count92
\l__intarray_loop_int=\count93
\c__intarray_sp_dim=\dimen108
\g__intarray_font_int=\count94
\c__fp_leading_shift_int=\count95
\c__fp_middle_shift_int=\count96
\c__fp_trailing_shift_int=\count97
\c__fp_big_leading_shift_int=\count98
\c__fp_big_middle_shift_int=\count99
\c__fp_big_trailing_shift_int=\count100
\c__fp_Bigg_leading_shift_int=\count101
\c__fp_Bigg_middle_shift_int=\count102
\c__fp_Bigg_trailing_shift_int=\count103
\g__fp_array_int=\count104
\l__fp_array_loop_int=\count105
\l__sort_length_int=\count106
\l__sort_min_int=\count107
\l__sort_top_int=\count108
\l__sort_max_int=\count109
\l__sort_true_max_int=\count110
\l__sort_block_int=\count111
\l__sort_begin_int=\count112
\l__sort_end_int=\count113
\l__sort_A_int=\count114
\l__sort_B_int=\count115
\l__sort_C_int=\count116
\l__tl_analysis_normal_int=\count117
\l__tl_analysis_index_int=\count118
\l__tl_analysis_nesting_int=\count119
\l__tl_analysis_type_int=\count120
\l__regex_internal_a_int=\count121
\l__regex_internal_b_int=\count122
\l__regex_internal_c_int=\count123
\l__regex_balance_int=\count124
\l__regex_group_level_int=\count125
\l__regex_mode_int=\count126
\c__regex_cs_in_class_mode_int=\count127
\c__regex_cs_mode_int=\count128
\l__regex_catcodes_int=\count129
\l__regex_default_catcodes_int=\count130
\c__regex_catcode_L_int=\count131
\c__regex_catcode_O_int=\count132
\c__regex_catcode_A_int=\count133
\c__regex_all_catcodes_int=\count134
\l__regex_show_lines_int=\count135
\l__regex_min_state_int=\count136
\l__regex_max_state_int=\count137
\l__regex_left_state_int=\count138
\l__regex_right_state_int=\count139
\l__regex_capturing_group_int=\count140
\l__regex_min_pos_int=\count141
\l__regex_max_pos_int=\count142
\l__regex_curr_pos_int=\count143
\l__regex_start_pos_int=\count144
\l__regex_success_pos_int=\count145
\l__regex_curr_char_int=\count146
\l__regex_curr_catcode_int=\count147
\l__regex_last_char_int=\count148
\l__regex_case_changed_char_int=\count149
\l__regex_curr_state_int=\count150
\l__regex_step_int=\count151
\l__regex_min_active_int=\count152
\l__regex_max_active_int=\count153
\l__regex_replacement_csnames_int=\count154
\l__regex_match_count_int=\count155
\l__regex_min_submatch_int=\count156
\l__regex_submatch_int=\count157
\l__regex_zeroth_submatch_int=\count158
\g__regex_trace_regex_int=\count159
\c_empty_box=\box27
\l_tmpa_box=\box28
\l_tmpb_box=\box29
\g_tmpa_box=\box30
\g_tmpb_box=\box31
\l__box_top_dim=\dimen109
\l__box_bottom_dim=\dimen110
\l__box_left_dim=\dimen111
\l__box_right_dim=\dimen112
\l__box_top_new_dim=\dimen113
\l__box_bottom_new_dim=\dimen114
\l__box_left_new_dim=\dimen115
\l__box_right_new_dim=\dimen116
\l__box_internal_box=\box32
\l__coffin_internal_box=\box33
\l__coffin_internal_dim=\dimen117
\l__coffin_offset_x_dim=\dimen118
\l__coffin_offset_y_dim=\dimen119
\l__coffin_x_dim=\dimen120
\l__coffin_y_dim=\dimen121
\l__coffin_x_prime_dim=\dimen122
\l__coffin_y_prime_dim=\dimen123
\c_empty_coffin=\box34
\l__coffin_aligned_coffin=\box35
\l__coffin_aligned_internal_coffin=\box36
\l_tmpa_coffin=\box37
\l_tmpb_coffin=\box38
\l__coffin_display_coffin=\box39
\l__coffin_display_coord_coffin=\box40
\l__coffin_display_pole_coffin=\box41
\l__coffin_display_offset_dim=\dimen124
\l__coffin_display_x_dim=\dimen125
\l__coffin_display_y_dim=\dimen126
\g__file_internal_ior=\read1
\l__coffin_bounding_shift_dim=\dimen127
\l__coffin_left_corner_dim=\dimen128
\l__coffin_right_corner_dim=\dimen129
\l__coffin_bottom_corner_dim=\dimen130
\l__coffin_top_corner_dim=\dimen131
\l__coffin_scaled_total_height_dim=\dimen132
\l__coffin_scaled_width_dim=\dimen133
\l__seq_internal_a_int=\count160
\l__seq_internal_b_int=\count161
)
("C:\Users\Alan Han\AppData\Local\Programs\MiKTeX 2.9\tex/latex/l3kernel\l3xdvi
pdfmx.def"
File: l3xdvidpfmx.def 2019-01-01 v L3 Experimental driver: xdvipdfmx
\g__driver_image_int=\count162
\g__driver_pdf_object_int=\count163
))
Package: xparse 2018-10-17 L3 Experimental document command parser
\l__xparse_current_arg_int=\count164
\g__xparse_grabber_int=\count165
\l__xparse_m_args_int=\count166
\l__xparse_mandatory_args_int=\count167
\l__xparse_v_nesting_int=\count168
) (config.tex)
("C:\Users\Alan Han\AppData\Local\Programs\MiKTeX 2.9\tex/latex/extsizes\extboo
k.cls"
Document Class: extbook 1999/01/07 v1.4a NON-Standard LaTeX document class
("C:\Users\Alan Han\AppData\Local\Programs\MiKTeX 2.9\tex/latex/base\bk12.clo"
File: bk12.clo 2018/09/03 v1.4i Standard LaTeX file (size option)
)
("C:\Users\Alan Han\AppData\Local\Programs\MiKTeX 2.9\tex/latex/base\exscale.st
y"
Package: exscale 2018/09/24 v2.1i Standard LaTeX package exscale
LaTeX Font Info:    Redeclaring symbol font `largesymbols' on input line 57.
LaTeX Font Info:    Overwriting symbol font `largesymbols' in version `normal'
(Font)                  OMX/cmex/m/n --> OMX/cmex/m/n on input line 57.
LaTeX Font Info:    Overwriting symbol font `largesymbols' in version `bold'
(Font)                  OMX/cmex/m/n --> OMX/cmex/m/n on input line 57.
\big@size=\dimen134
)
\c@part=\count169
\c@chapter=\count170
\c@section=\count171
\c@subsection=\count172
\c@subsubsection=\count173
\c@paragraph=\count174
\c@subparagraph=\count175
\c@figure=\count176
\c@table=\count177
\abovecaptionskip=\skip47
\belowcaptionskip=\skip48
\bibindent=\dimen135
)
("C:\Users\Alan Han\AppData\Local\Programs\MiKTeX 2.9\tex/latex/fontspec\fontsp
ec.sty"
Package: fontspec 2018/07/30 vv2.6h Font selection for XeLaTeX and LuaLaTeX

("C:\Users\Alan Han\AppData\Local\Programs\MiKTeX 2.9\tex/latex/fontspec\fontsp
ec-xetex.sty"
Package: fontspec-xetex 2018/07/30 vv2.6h Font selection for XeLaTeX and LuaLaT
eX
\l__fontspec_script_int=\count178
\l__fontspec_language_int=\count179
\l__fontspec_strnum_int=\count180
\l__fontspec_tmp_int=\count181
\l__fontspec_em_int=\count182
\l__fontspec_emdef_int=\count183
\l__fontspec_strong_int=\count184
\l__fontspec_strongdef_int=\count185
\l__fontspec_tmpa_dim=\dimen136
\l__fontspec_tmpb_dim=\dimen137
\l__fontspec_tmpc_dim=\dimen138

("C:\Users\Alan Han\AppData\Local\Programs\MiKTeX 2.9\tex/latex/base\fontenc.st
y"
Package: fontenc 2018/08/11 v2.0j Standard LaTeX package

("C:\Users\Alan Han\AppData\Local\Programs\MiKTeX 2.9\tex/latex/base\tuenc.def"
File: tuenc.def 2018/08/11 v2.0j Standard LaTeX file
LaTeX Font Info:    Redeclaring font encoding TU on input line 82.
))
("C:\Users\Alan Han\AppData\Local\Programs\MiKTeX 2.9\tex/latex/fontspec\fontsp
ec.cfg")
LaTeX Info: Redefining \itshape on input line 3910.
LaTeX Info: Redefining \slshape on input line 3915.
LaTeX Info: Redefining \scshape on input line 3920.
LaTeX Info: Redefining \upshape on input line 3925.
LaTeX Info: Redefining \em on input line 3955.
LaTeX Info: Redefining \emph on input line 3980.
LaTeX Info: Redefining \- on input line 4034.
))
("C:\Users\Alan Han\AppData\Local\Programs\MiKTeX 2.9\tex/xelatex/xecjk\xeCJK.s
ty"
Package: xeCJK 2018/04/30 v3.7.1 Typesetting CJK scripts with XeLaTeX

("C:\Users\Alan Han\AppData\Local\Programs\MiKTeX 2.9\tex/latex/l3packages/xtem
plate\xtemplate.sty"
Package: xtemplate 2018-10-17 L3 Experimental prototype document functions
\l__xtemplate_tmp_dim=\dimen139
\l__xtemplate_tmp_int=\count186
\l__xtemplate_tmp_muskip=\muskip16
\l__xtemplate_tmp_skip=\skip49
)
("C:\Users\Alan Han\AppData\Local\Programs\MiKTeX 2.9\tex/latex/l3packages/l3ke
ys2e\l3keys2e.sty"
Package: l3keys2e 2018-10-17 LaTeX2e option processing using LaTeX3 keys
)
\l__xeCJK_tmp_int=\count187
\l__xeCJK_tmp_box=\box42
\l__xeCJK_tmp_dim=\dimen140
\l__xeCJK_tmp_skip=\skip50
\g__xeCJK_space_factor_int=\count188
\l__xeCJK_begin_int=\count189
\l__xeCJK_end_int=\count190
\c__xeCJK_CJK_class_int=\XeTeXcharclass1
\c__xeCJK_FullLeft_class_int=\XeTeXcharclass2
\c__xeCJK_FullRight_class_int=\XeTeXcharclass3
\c__xeCJK_HalfLeft_class_int=\XeTeXcharclass4
\c__xeCJK_HalfRight_class_int=\XeTeXcharclass5
\c__xeCJK_NormalSpace_class_int=\XeTeXcharclass6
\c__xeCJK_CM_class_int=\XeTeXcharclass7
\c__xeCJK_HangulJamo_class_int=\XeTeXcharclass8
\l__xeCJK_last_skip=\skip51
\g__xeCJK_node_int=\count191
\c__xeCJK_CJK_node_dim=\dimen141
\c__xeCJK_CJK-space_node_dim=\dimen142
\c__xeCJK_default_node_dim=\dimen143
\c__xeCJK_default-space_node_dim=\dimen144
\c__xeCJK_CJK-widow_node_dim=\dimen145
\c__xeCJK_normalspace_node_dim=\dimen146
\l__xeCJK_ccglue_skip=\skip52
\l__xeCJK_ecglue_skip=\skip53
\l__xeCJK_punct_kern_skip=\skip54
\l__xeCJK_last_penalty_int=\count192
\l__xeCJK_last_bound_dim=\dimen147
\l__xeCJK_last_kern_dim=\dimen148
\l__xeCJK_widow_penalty_int=\count193

Package xtemplate Info: Declaring object type 'xeCJK/punctuation' taking 0
(xtemplate)             argument(s) on line 2362.

\l__xeCJK_fixed_punct_width_dim=\dimen149
\l__xeCJK_mixed_punct_width_dim=\dimen150
\l__xeCJK_middle_punct_width_dim=\dimen151
\l__xeCJK_fixed_margin_width_dim=\dimen152
\l__xeCJK_mixed_margin_width_dim=\dimen153
\l__xeCJK_middle_margin_width_dim=\dimen154
\l__xeCJK_bound_punct_width_dim=\dimen155
\l__xeCJK_bound_margin_width_dim=\dimen156
\l__xeCJK_margin_minimum_dim=\dimen157
\l__xeCJK_kerning_total_width_dim=\dimen158
\l__xeCJK_same_align_margin_dim=\dimen159
\l__xeCJK_different_align_margin_dim=\dimen160
\l__xeCJK_kerning_margin_width_dim=\dimen161
\l__xeCJK_kerning_margin_minimum_dim=\dimen162
\l__xeCJK_bound_dim=\dimen163
\l__xeCJK_reverse_bound_dim=\dimen164
\l__xeCJK_minimum_bound_dim=\dimen165
\l__xeCJK_kerning_margin_dim=\dimen166
\l__xeCJK_original_margin_dim=\dimen167
\g__xeCJK_family_int=\count194
\l__xeCJK_fam_int=\count195
\g__xeCJK_fam_allocation_int=\count196
\l__xeCJK_verb_case_int=\count197
\l__xeCJK_verb_exspace_skip=\skip55

("C:\Users\Alan Han\AppData\Local\Programs\MiKTeX 2.9\tex/xelatex/xecjk\xeCJK.c
fg"
File: xeCJK.cfg 2018/04/30 v3.7.1 Configuration file for xeCJK package
))
\c__xeCJK_CJK/GreekCoptic_class_int=\XeTeXcharclass9


Package fontspec Warning: Font 'MingLiU' does not contain script 'CJK'.
(fontspec)                 'Latin' script used instead.


Package fontspec Info: Font family 'MingLiU(0)' created for font 'MingLiU'
(fontspec)             with options
(fontspec)             [Script={CJK},AutoFakeBold={2},AutoFakeSlant={0.167}].
(fontspec)              
(fontspec)              This font family consists of the following NFSS
(fontspec)             series/shapes:
(fontspec)              
(fontspec)             - 'normal' (m/n) with NFSS spec.:
(fontspec)             <->"MingLiU/OT:script=latn;language=DFLT;"
(fontspec)             - 'small caps'  (m/sc) with NFSS spec.: 
(fontspec)             - 'bold' (bx/n) with NFSS spec.:
(fontspec)             <->"MingLiU/OT:script=latn;language=DFLT;embolden=2;"
(fontspec)             - 'bold small caps'  (bx/sc) with NFSS spec.: 
(fontspec)             - 'italic' (m/it) with NFSS spec.:
(fontspec)             <->"MingLiU/OT:script=latn;language=DFLT;slant=0.167;"
(fontspec)             - 'italic small caps'  (m/itsc) with NFSS spec.: 
(fontspec)             - 'bold italic' (bx/it) with NFSS spec.:
(fontspec)             <->"MingLiU/OT:script=latn;language=DFLT;embolden=2;slan
t=0.167;"
(fontspec)             - 'bold italic small caps'  (bx/itsc) with NFSS spec.: 


("C:\Users\Alan Han\AppData\Local\Programs\MiKTeX 2.9\tex/latex/geometry\geomet
ry.sty"
Package: geometry 2018/04/16 v5.8 Page Geometry

("C:\Users\Alan Han\AppData\Local\Programs\MiKTeX 2.9\tex/latex/graphics\keyval
.sty"
Package: keyval 2014/10/28 v1.15 key=value parser (DPC)
\KV@toks@=\toks14
)
("C:\Users\Alan Han\AppData\Local\Programs\MiKTeX 2.9\tex/generic/oberdiek\ifvt
ex.sty"
Package: ifvtex 2016/05/16 v1.6 Detect VTeX and its facilities (HO)
Package ifvtex Info: VTeX not detected.
)
("C:\Users\Alan Han\AppData\Local\Programs\MiKTeX 2.9\tex/generic/ifxetex\ifxet
ex.sty"
Package: ifxetex 2010/09/12 v0.6 Provides ifxetex conditional
)
\Gm@cnth=\count198
\Gm@cntv=\count199
\c@Gm@tempcnt=\count266
\Gm@bindingoffset=\dimen168
\Gm@wd@mp=\dimen169
\Gm@odd@mp=\dimen170
\Gm@even@mp=\dimen171
\Gm@layoutwidth=\dimen172
\Gm@layoutheight=\dimen173
\Gm@layouthoffset=\dimen174
\Gm@layoutvoffset=\dimen175
\Gm@dimlist=\toks15

("C:\Users\Alan Han\AppData\Local\Programs\MiKTeX 2.9\tex/xelatex/xetexconfig\g
eometry.cfg"))
("C:\Users\Alan Han\AppData\Local\Programs\MiKTeX 2.9\tex/latex/xcolor\xcolor.s
ty"
Package: xcolor 2016/05/11 v2.12 LaTeX color extensions (UK)

("C:\Users\Alan Han\AppData\Local\Programs\MiKTeX 2.9\tex/latex/graphics-cfg\co
lor.cfg"
File: color.cfg 2016/01/02 v1.6 sample color configuration
)
Package xcolor Info: Driver file: xetex.def on input line 225.

("C:\Users\Alan Han\AppData\Local\Programs\MiKTeX 2.9\tex/latex/graphics-def\xe
tex.def"
File: xetex.def 2017/06/24 v5.0h Graphics/color driver for xetex
)
Package xcolor Info: Model `cmy' substituted by `cmy0' on input line 1348.
Package xcolor Info: Model `RGB' extended on input line 1364.
Package xcolor Info: Model `HTML' substituted by `rgb' on input line 1366.
Package xcolor Info: Model `Hsb' substituted by `hsb' on input line 1367.
Package xcolor Info: Model `tHsb' substituted by `hsb' on input line 1368.
Package xcolor Info: Model `HSB' substituted by `hsb' on input line 1369.
Package xcolor Info: Model `Gray' substituted by `gray' on input line 1370.
Package xcolor Info: Model `wave' substituted by `hsb' on input line 1371.
)
("C:\Users\Alan Han\AppData\Local\Programs\MiKTeX 2.9\tex/latex/tools\indentfir
st.sty"
Package: indentfirst 1995/11/23 v1.03 Indent first paragraph (DPC)
)
("C:\Users\Alan Han\AppData\Local\Programs\MiKTeX 2.9\tex/latex/titlesec\titles
ec.sty"
Package: titlesec 2016/03/21 v2.10.2 Sectioning titles
\ttl@box=\box43
\beforetitleunit=\skip56
\aftertitleunit=\skip57
\ttl@plus=\dimen176
\ttl@minus=\dimen177
\ttl@toksa=\toks16
\titlewidth=\dimen178
\titlewidthlast=\dimen179
\titlewidthfirst=\dimen180
)
("C:\Users\Alan Han\AppData\Local\Programs\MiKTeX 2.9\tex/latex/titlesec\titlet
oc.sty"
Package: titletoc 2011/12/15 v1.6 TOC entries
\ttl@leftsep=\dimen181
)
("C:\Users\Alan Han\AppData\Local\Programs\MiKTeX 2.9\tex/latex/fancyhdr\fancyh
dr.sty"
Package: fancyhdr 2017/06/30 v3.9a Extensive control of page headers and footer
s
\f@nch@headwidth=\skip58
\f@nch@O@elh=\skip59
\f@nch@O@erh=\skip60
\f@nch@O@olh=\skip61
\f@nch@O@orh=\skip62
\f@nch@O@elf=\skip63
\f@nch@O@erf=\skip64
\f@nch@O@olf=\skip65
\f@nch@O@orf=\skip66
)
("C:\Users\Alan Han\AppData\Local\Programs\MiKTeX 2.9\tex/latex/setspace\setspa
ce.sty"
Package: setspace 2011/12/19 v6.7a set line spacing
)
("C:\Users\Alan Han\AppData\Local\Programs\MiKTeX 2.9\tex/latex/biblatex\biblat
ex.sty"
Package: biblatex 2018/11/02 v3.12 programmable bibliographies (PK/MW)

("C:\Users\Alan Han\AppData\Local\Programs\MiKTeX 2.9\tex/latex/oberdiek\kvopti
ons.sty"
Package: kvoptions 2016/05/16 v3.12 Key value format for package options (HO)

("C:\Users\Alan Han\AppData\Local\Programs\MiKTeX 2.9\tex/generic/oberdiek\kvse
tkeys.sty"
Package: kvsetkeys 2016/05/16 v1.17 Key value parser (HO)
))
("C:\Users\Alan Han\AppData\Local\Programs\MiKTeX 2.9\tex/latex/logreq\logreq.s
ty"
Package: logreq 2010/08/04 v1.0 xml request logger
\lrq@indent=\count267

("C:\Users\Alan Han\AppData\Local\Programs\MiKTeX 2.9\tex/latex/logreq\logreq.d
ef"
File: logreq.def 2010/08/04 v1.0 logreq spec v1.0
))
("C:\Users\Alan Han\AppData\Local\Programs\MiKTeX 2.9\tex/latex/url\url.sty"
\Urlmuskip=\muskip17
Package: url 2013/09/16  ver 3.4  Verb mode for urls, etc.
)
\c@tabx@nest=\count268
\c@listtotal=\count269
\c@listcount=\count270
\c@liststart=\count271
\c@liststop=\count272
\c@citecount=\count273
\c@citetotal=\count274
\c@multicitecount=\count275
\c@multicitetotal=\count276
\c@instcount=\count277
\c@maxnames=\count278
\c@minnames=\count279
\c@maxitems=\count280
\c@minitems=\count281
\c@citecounter=\count282
\c@maxcitecounter=\count283
\c@savedcitecounter=\count284
\c@uniquelist=\count285
\c@uniquename=\count286
\c@refsection=\count287
\c@refsegment=\count288
\c@maxextratitle=\count289
\c@maxextratitleyear=\count290
\c@maxextraname=\count291
\c@maxextradate=\count292
\c@maxextraalpha=\count293
\c@abbrvpenalty=\count294
\c@highnamepenalty=\count295
\c@lownamepenalty=\count296
\c@maxparens=\count297
\c@parenlevel=\count298
\blx@tempcnta=\count299
\blx@tempcntb=\count300
\blx@tempcntc=\count301
\blx@maxsection=\count302
\blx@maxsegment@0=\count303
\blx@notetype=\count304
\blx@parenlevel@text=\count305
\blx@parenlevel@foot=\count306
\blx@sectionciteorder@0=\count307
\blx@entrysetcounter=\count308
\labelnumberwidth=\skip67
\labelalphawidth=\skip68
\biblabelsep=\skip69
\bibitemsep=\skip70
\bibnamesep=\skip71
\bibinitsep=\skip72
\bibparsep=\skip73
\bibhang=\skip74
\blx@bcfin=\read2
\blx@bcfout=\write3
\c@mincomprange=\count309
\c@maxcomprange=\count310
\c@mincompwidth=\count311
Package biblatex Info: Trying to load biblatex default data model...
Package biblatex Info: ... file 'blx-dm.def' found.

("C:\Users\Alan Han\AppData\Local\Programs\MiKTeX 2.9\tex/latex/biblatex\blx-dm
.def"
File: blx-dm.def 2018/11/02 v3.12 biblatex localization (PK/MW)
)
Package biblatex Info: Trying to load biblatex style data model...
Package biblatex Info: ... file 'nature.dbx' not found.
Package biblatex Info: Trying to load biblatex custom data model...
Package biblatex Info: ... file 'biblatex-dm.cfg' not found.
\c@afterword=\count312
\c@savedafterword=\count313
\c@annotator=\count314
\c@savedannotator=\count315
\c@author=\count316
\c@savedauthor=\count317
\c@bookauthor=\count318
\c@savedbookauthor=\count319
\c@commentator=\count320
\c@savedcommentator=\count321
\c@editor=\count322
\c@savededitor=\count323
\c@editora=\count324
\c@savededitora=\count325
\c@editorb=\count326
\c@savededitorb=\count327
\c@editorc=\count328
\c@savededitorc=\count329
\c@foreword=\count330
\c@savedforeword=\count331
\c@holder=\count332
\c@savedholder=\count333
\c@introduction=\count334
\c@savedintroduction=\count335
\c@namea=\count336
\c@savednamea=\count337
\c@nameb=\count338
\c@savednameb=\count339
\c@namec=\count340
\c@savednamec=\count341
\c@translator=\count342
\c@savedtranslator=\count343
\c@shortauthor=\count344
\c@savedshortauthor=\count345
\c@shorteditor=\count346
\c@savedshorteditor=\count347
\c@labelname=\count348
\c@savedlabelname=\count349
\c@institution=\count350
\c@savedinstitution=\count351
\c@lista=\count352
\c@savedlista=\count353
\c@listb=\count354
\c@savedlistb=\count355
\c@listc=\count356
\c@savedlistc=\count357
\c@listd=\count358
\c@savedlistd=\count359
\c@liste=\count360
\c@savedliste=\count361
\c@listf=\count362
\c@savedlistf=\count363
\c@location=\count364
\c@savedlocation=\count365
\c@organization=\count366
\c@savedorganization=\count367
\c@origlocation=\count368
\c@savedoriglocation=\count369
\c@origpublisher=\count370
\c@savedorigpublisher=\count371
\c@publisher=\count372
\c@savedpublisher=\count373
\c@language=\count374
\c@savedlanguage=\count375
\c@origlanguage=\count376
\c@savedoriglanguage=\count377
\c@pageref=\count378
\c@savedpageref=\count379
\shorthandwidth=\skip75
\shortjournalwidth=\skip76
\shortserieswidth=\skip77
\shorttitlewidth=\skip78
\shortauthorwidth=\skip79
\shorteditorwidth=\skip80
\locallabelnumberwidth=\skip81
\locallabelalphawidth=\skip82
\localshorthandwidth=\skip83
\localshortjournalwidth=\skip84
\localshortserieswidth=\skip85
\localshorttitlewidth=\skip86
\localshortauthorwidth=\skip87
\localshorteditorwidth=\skip88
Package biblatex Info: Trying to load enhanced support for Unicode engines...
Package biblatex Info: ... file 'blx-unicode.def' found.

("C:\Users\Alan Han\AppData\Local\Programs\MiKTeX 2.9\tex/latex/biblatex\blx-un
icode.def")
Package biblatex Info: Trying to load compatibility code...
Package biblatex Info: ... file 'blx-compat.def' found.

("C:\Users\Alan Han\AppData\Local\Programs\MiKTeX 2.9\tex/latex/biblatex\blx-co
mpat.def"
File: blx-compat.def 2018/11/02 v3.12 biblatex compatibility (PK/MW)
)
Package biblatex Info: Trying to load generic definitions...
Package biblatex Info: ... file 'biblatex.def' found.

("C:\Users\Alan Han\AppData\Local\Programs\MiKTeX 2.9\tex/latex/biblatex\biblat
ex.def"
File: biblatex.def 2018/11/02 v3.12 biblatex compatibility (PK/MW)
\c@textcitecount=\count380
\c@textcitetotal=\count381
\c@textcitemaxnames=\count382
\c@biburlnumpenalty=\count383
\c@biburlucpenalty=\count384
\c@biburllcpenalty=\count385
\c@smartand=\count386
)
Package biblatex Info: Trying to load bibliography style 'nature'...
Package biblatex Info: ... file 'nature.bbx' found.

("C:\Users\Alan Han\AppData\Local\Programs\MiKTeX 2.9\tex/latex/biblatex-nature
\nature.bbx"
File: nature.bbx 2018/10/18 v1.3c biblatex bibliography style
Package biblatex Info: Trying to load bibliography style 'numeric-comp'...
Package biblatex Info: ... file 'numeric-comp.bbx' found.

("C:\Users\Alan Han\AppData\Local\Programs\MiKTeX 2.9\tex/latex/biblatex/bbx\nu
meric-comp.bbx"
File: numeric-comp.bbx 2018/11/02 v3.12 biblatex bibliography style (PK/MW)
Package biblatex Info: Trying to load bibliography style 'numeric'...
Package biblatex Info: ... file 'numeric.bbx' found.

("C:\Users\Alan Han\AppData\Local\Programs\MiKTeX 2.9\tex/latex/biblatex/bbx\nu
meric.bbx"
File: numeric.bbx 2018/11/02 v3.12 biblatex bibliography style (PK/MW)
Package biblatex Info: Trying to load bibliography style 'standard'...
Package biblatex Info: ... file 'standard.bbx' found.

("C:\Users\Alan Han\AppData\Local\Programs\MiKTeX 2.9\tex/latex/biblatex/bbx\st
andard.bbx"
File: standard.bbx 2018/11/02 v3.12 biblatex bibliography style (PK/MW)
\c@bbx:relatedcount=\count387
\c@bbx:relatedtotal=\count388
))))
Package biblatex Info: Trying to load citation style 'nature'...
Package biblatex Info: ... file 'nature.cbx' found.

("C:\Users\Alan Han\AppData\Local\Programs\MiKTeX 2.9\tex/latex/biblatex-nature
\nature.cbx"
File: nature.cbx 2018/10/18 v1.3c biblatex citation style
Package biblatex Info: Trying to load citation style 'numeric-comp'...
Package biblatex Info: ... file 'numeric-comp.cbx' found.

("C:\Users\Alan Han\AppData\Local\Programs\MiKTeX 2.9\tex/latex/biblatex/cbx\nu
meric-comp.cbx"
File: numeric-comp.cbx 2018/11/02 v3.12 biblatex citation style (PK/MW)
\c@cbx@tempcnta=\count389
\c@cbx@tempcntb=\count390
Package biblatex Info: Redefining '\cite'.
Package biblatex Info: Redefining '\parencite'.
Package biblatex Info: Redefining '\footcite'.
Package biblatex Info: Redefining '\footcitetext'.
Package biblatex Info: Redefining '\smartcite'.
Package biblatex Info: Redefining '\supercite'.
Package biblatex Info: Redefining '\textcite'.
Package biblatex Info: Redefining '\textcites'.
Package biblatex Info: Redefining '\cites'.
Package biblatex Info: Redefining '\parencites'.
Package biblatex Info: Redefining '\smartcites'.
))
Package biblatex Info: Trying to load configuration file...
Package biblatex Info: ... file 'biblatex.cfg' found.

("C:\Users\Alan Han\AppData\Local\Programs\MiKTeX 2.9\tex/latex/biblatex\biblat
ex.cfg"
File: biblatex.cfg 
))
("C:\Users\Alan Han\AppData\Local\Programs\MiKTeX 2.9\tex/latex/graphics\graphi
cx.sty"
Package: graphicx 2017/06/01 v1.1a Enhanced LaTeX Graphics (DPC,SPQR)

("C:\Users\Alan Han\AppData\Local\Programs\MiKTeX 2.9\tex/latex/graphics\graphi
cs.sty"
Package: graphics 2017/06/25 v1.2c Standard LaTeX Graphics (DPC,SPQR)

("C:\Users\Alan Han\AppData\Local\Programs\MiKTeX 2.9\tex/latex/graphics\trig.s
ty"
Package: trig 2016/01/03 v1.10 sin cos tan (DPC)
)
("C:\Users\Alan Han\AppData\Local\Programs\MiKTeX 2.9\tex/latex/graphics-cfg\gr
aphics.cfg"
File: graphics.cfg 2016/06/04 v1.11 sample graphics configuration
)
Package graphics Info: Driver file: xetex.def on input line 99.
)
\Gin@req@height=\dimen182
\Gin@req@width=\dimen183
)
("C:\Users\Alan Han\AppData\Local\Programs\MiKTeX 2.9\tex/latex/pdfpages\pdfpag
es.sty"
Package: pdfpages 2017/10/31 v0.5l Insert pages of external PDF documents (AM)

("C:\Users\Alan Han\AppData\Local\Programs\MiKTeX 2.9\tex/latex/tools\calc.sty"
Package: calc 2017/05/25 v4.3 Infix arithmetic (KKT,FJ)
\calc@Acount=\count391
\calc@Bcount=\count392
\calc@Adimen=\dimen184
\calc@Bdimen=\dimen185
\calc@Askip=\skip89
\calc@Bskip=\skip90
LaTeX Info: Redefining \setlength on input line 80.
LaTeX Info: Redefining \addtolength on input line 81.
\calc@Ccount=\count393
\calc@Cskip=\skip91
)
("C:\Users\Alan Han\AppData\Local\Programs\MiKTeX 2.9\tex/latex/eso-pic\eso-pic
.sty"
Package: eso-pic 2018/04/12 v2.0h eso-pic (RN)

("C:\Users\Alan Han\AppData\Local\Programs\MiKTeX 2.9\tex/generic/oberdiek\atbe
gshi.sty"
Package: atbegshi 2016/06/09 v1.18 At begin shipout hook (HO)
))
\AM@pagewidth=\dimen186
\AM@pageheight=\dimen187

("C:\Users\Alan Han\AppData\Local\Programs\MiKTeX 2.9\tex/latex/pdfpages\ppxete
x.def"
File: ppxetex.def 2017/10/31 v0.5l Pdfpages driver for XeTeX (AM)
)
\AM@pagebox=\box44
\AM@global@opts=\toks17
\AM@toc@title=\toks18
\c@AM@survey=\count394
\AM@templatesizebox=\box45
)
("C:\Users\Alan Han\AppData\Local\Programs\MiKTeX 2.9\tex/latex/caption\caption
.sty"
Package: caption 2018/10/06 v3.3-154 Customizing captions (AR)

("C:\Users\Alan Han\AppData\Local\Programs\MiKTeX 2.9\tex/latex/caption\caption
3.sty"
Package: caption3 2018/09/12 v1.8c caption3 kernel (AR)
Package caption3 Info: TeX engine: e-TeX on input line 64.
\captionmargin=\dimen188
\captionmargin@=\dimen189
\captionwidth=\dimen190
\caption@tempdima=\dimen191
\caption@indent=\dimen192
\caption@parindent=\dimen193
\caption@hangindent=\dimen194
)
\c@caption@flags=\count395
\c@ContinuedFloat=\count396
)
("C:\Users\Alan Han\AppData\Local\Programs\MiKTeX 2.9\tex/latex/caption\subcapt
ion.sty"
Package: subcaption 2018/05/01 v1.1-162 Sub-captions (AR)
\c@subfigure=\count397
\c@subtable=\count398
)
("C:\Users\Alan Han\AppData\Local\Programs\MiKTeX 2.9\tex/latex/placeins\placei
ns.sty"
Package: placeins 2005/04/18  v 2.2
)
("C:\Users\Alan Han\AppData\Local\Programs\MiKTeX 2.9\tex/latex/pgf/frontendlay
er\tikz.sty"
("C:\Users\Alan Han\AppData\Local\Programs\MiKTeX 2.9\tex/latex/pgf/basiclayer\
pgf.sty"
("C:\Users\Alan Han\AppData\Local\Programs\MiKTeX 2.9\tex/latex/pgf/utilities\p
gfrcs.sty"
("C:\Users\Alan Han\AppData\Local\Programs\MiKTeX 2.9\tex/generic/pgf/utilities
\pgfutil-common.tex"
\pgfutil@everybye=\toks19
\pgfutil@tempdima=\dimen195
\pgfutil@tempdimb=\dimen196

("C:\Users\Alan Han\AppData\Local\Programs\MiKTeX 2.9\tex/generic/pgf/utilities
\pgfutil-common-lists.tex"))
("C:\Users\Alan Han\AppData\Local\Programs\MiKTeX 2.9\tex/generic/pgf/utilities
\pgfutil-latex.def"
\pgfutil@abb=\box46

("C:\Users\Alan Han\AppData\Local\Programs\MiKTeX 2.9\tex/latex/ms\everyshi.sty
"
Package: everyshi 2001/05/15 v3.00 EveryShipout Package (MS)
))
("C:\Users\Alan Han\AppData\Local\Programs\MiKTeX 2.9\tex/generic/pgf/utilities
\pgfrcs.code.tex"
("C:\Users\Alan Han\AppData\Local\Programs\MiKTeX 2.9\tex/generic/pgf\pgf.revis
ion.tex")
Package: pgfrcs 2019/01/05 v3.1 (3.1)
))
Package: pgf 2019/01/05 v3.1 (3.1)

("C:\Users\Alan Han\AppData\Local\Programs\MiKTeX 2.9\tex/latex/pgf/basiclayer\
pgfcore.sty"
("C:\Users\Alan Han\AppData\Local\Programs\MiKTeX 2.9\tex/latex/pgf/systemlayer
\pgfsys.sty"
("C:\Users\Alan Han\AppData\Local\Programs\MiKTeX 2.9\tex/generic/pgf/systemlay
er\pgfsys.code.tex"
Package: pgfsys 2019/01/05 v3.1 (3.1)

("C:\Users\Alan Han\AppData\Local\Programs\MiKTeX 2.9\tex/generic/pgf/utilities
\pgfkeys.code.tex"
\pgfkeys@pathtoks=\toks20
\pgfkeys@temptoks=\toks21

("C:\Users\Alan Han\AppData\Local\Programs\MiKTeX 2.9\tex/generic/pgf/utilities
\pgfkeysfiltered.code.tex"
\pgfkeys@tmptoks=\toks22
))
\pgf@x=\dimen197
\pgf@y=\dimen198
\pgf@xa=\dimen199
\pgf@ya=\dimen256
\pgf@xb=\dimen257
\pgf@yb=\dimen258
\pgf@xc=\dimen259
\pgf@yc=\dimen260
\w@pgf@writea=\write4
\r@pgf@reada=\read3
\c@pgf@counta=\count399
\c@pgf@countb=\count400
\c@pgf@countc=\count401
\c@pgf@countd=\count402
\t@pgf@toka=\toks23
\t@pgf@tokb=\toks24
\t@pgf@tokc=\toks25
\pgf@sys@id@count=\count403

("C:\Users\Alan Han\AppData\Local\Programs\MiKTeX 2.9\tex/generic/pgf/systemlay
er\pgf.cfg"
File: pgf.cfg 2019/01/05 v3.1 (3.1)
)
Driver file for pgf: pgfsys-xetex.def

("C:\Users\Alan Han\AppData\Local\Programs\MiKTeX 2.9\tex/generic/pgf/systemlay
er\pgfsys-xetex.def"
File: pgfsys-xetex.def 2019/01/05 v3.1 (3.1)

("C:\Users\Alan Han\AppData\Local\Programs\MiKTeX 2.9\tex/generic/pgf/systemlay
er\pgfsys-dvipdfmx.def"
File: pgfsys-dvipdfmx.def 2019/01/05 v3.1 (3.1)

("C:\Users\Alan Han\AppData\Local\Programs\MiKTeX 2.9\tex/generic/pgf/systemlay
er\pgfsys-common-pdf.def"
File: pgfsys-common-pdf.def 2019/01/05 v3.1 (3.1)
)
\pgfsys@objnum=\count404
)))
("C:\Users\Alan Han\AppData\Local\Programs\MiKTeX 2.9\tex/generic/pgf/systemlay
er\pgfsyssoftpath.code.tex"
File: pgfsyssoftpath.code.tex 2019/01/05 v3.1 (3.1)
\pgfsyssoftpath@smallbuffer@items=\count405
\pgfsyssoftpath@bigbuffer@items=\count406
)
("C:\Users\Alan Han\AppData\Local\Programs\MiKTeX 2.9\tex/generic/pgf/systemlay
er\pgfsysprotocol.code.tex"
File: pgfsysprotocol.code.tex 2019/01/05 v3.1 (3.1)
))
("C:\Users\Alan Han\AppData\Local\Programs\MiKTeX 2.9\tex/generic/pgf/basiclaye
r\pgfcore.code.tex"
Package: pgfcore 2019/01/05 v3.1 (3.1)

("C:\Users\Alan Han\AppData\Local\Programs\MiKTeX 2.9\tex/generic/pgf/math\pgfm
ath.code.tex"
("C:\Users\Alan Han\AppData\Local\Programs\MiKTeX 2.9\tex/generic/pgf/math\pgfm
athcalc.code.tex"
("C:\Users\Alan Han\AppData\Local\Programs\MiKTeX 2.9\tex/generic/pgf/math\pgfm
athutil.code.tex")
("C:\Users\Alan Han\AppData\Local\Programs\MiKTeX 2.9\tex/generic/pgf/math\pgfm
athparser.code.tex"
\pgfmath@dimen=\dimen261
\pgfmath@count=\count407
\pgfmath@box=\box47
\pgfmath@toks=\toks26
\pgfmath@stack@operand=\toks27
\pgfmath@stack@operation=\toks28
)
("C:\Users\Alan Han\AppData\Local\Programs\MiKTeX 2.9\tex/generic/pgf/math\pgfm
athfunctions.code.tex"
("C:\Users\Alan Han\AppData\Local\Programs\MiKTeX 2.9\tex/generic/pgf/math\pgfm
athfunctions.basic.code.tex")
("C:\Users\Alan Han\AppData\Local\Programs\MiKTeX 2.9\tex/generic/pgf/math\pgfm
athfunctions.trigonometric.code.tex")
("C:\Users\Alan Han\AppData\Local\Programs\MiKTeX 2.9\tex/generic/pgf/math\pgfm
athfunctions.random.code.tex")
("C:\Users\Alan Han\AppData\Local\Programs\MiKTeX 2.9\tex/generic/pgf/math\pgfm
athfunctions.comparison.code.tex")
("C:\Users\Alan Han\AppData\Local\Programs\MiKTeX 2.9\tex/generic/pgf/math\pgfm
athfunctions.base.code.tex")
("C:\Users\Alan Han\AppData\Local\Programs\MiKTeX 2.9\tex/generic/pgf/math\pgfm
athfunctions.round.code.tex")
("C:\Users\Alan Han\AppData\Local\Programs\MiKTeX 2.9\tex/generic/pgf/math\pgfm
athfunctions.misc.code.tex")
("C:\Users\Alan Han\AppData\Local\Programs\MiKTeX 2.9\tex/generic/pgf/math\pgfm
athfunctions.integerarithmetics.code.tex")))
("C:\Users\Alan Han\AppData\Local\Programs\MiKTeX 2.9\tex/generic/pgf/math\pgfm
athfloat.code.tex"
\c@pgfmathroundto@lastzeros=\count408
))
("C:\Users\Alan Han\AppData\Local\Programs\MiKTeX 2.9\tex/generic/pgf/basiclaye
r\pgfcorepoints.code.tex"
File: pgfcorepoints.code.tex 2019/01/05 v3.1 (3.1)
\pgf@picminx=\dimen262
\pgf@picmaxx=\dimen263
\pgf@picminy=\dimen264
\pgf@picmaxy=\dimen265
\pgf@pathminx=\dimen266
\pgf@pathmaxx=\dimen267
\pgf@pathminy=\dimen268
\pgf@pathmaxy=\dimen269
\pgf@xx=\dimen270
\pgf@xy=\dimen271
\pgf@yx=\dimen272
\pgf@yy=\dimen273
\pgf@zx=\dimen274
\pgf@zy=\dimen275
)
("C:\Users\Alan Han\AppData\Local\Programs\MiKTeX 2.9\tex/generic/pgf/basiclaye
r\pgfcorepathconstruct.code.tex"
File: pgfcorepathconstruct.code.tex 2019/01/05 v3.1 (3.1)
\pgf@path@lastx=\dimen276
\pgf@path@lasty=\dimen277
)
("C:\Users\Alan Han\AppData\Local\Programs\MiKTeX 2.9\tex/generic/pgf/basiclaye
r\pgfcorepathusage.code.tex"
File: pgfcorepathusage.code.tex 2019/01/05 v3.1 (3.1)
\pgf@shorten@end@additional=\dimen278
\pgf@shorten@start@additional=\dimen279
)
("C:\Users\Alan Han\AppData\Local\Programs\MiKTeX 2.9\tex/generic/pgf/basiclaye
r\pgfcorescopes.code.tex"
File: pgfcorescopes.code.tex 2019/01/05 v3.1 (3.1)
\pgfpic=\box48
\pgf@hbox=\box49
\pgf@layerbox@main=\box50
\pgf@picture@serial@count=\count409
)
("C:\Users\Alan Han\AppData\Local\Programs\MiKTeX 2.9\tex/generic/pgf/basiclaye
r\pgfcoregraphicstate.code.tex"
File: pgfcoregraphicstate.code.tex 2019/01/05 v3.1 (3.1)
\pgflinewidth=\dimen280
)
("C:\Users\Alan Han\AppData\Local\Programs\MiKTeX 2.9\tex/generic/pgf/basiclaye
r\pgfcoretransformations.code.tex"
File: pgfcoretransformations.code.tex 2019/01/05 v3.1 (3.1)
\pgf@pt@x=\dimen281
\pgf@pt@y=\dimen282
\pgf@pt@temp=\dimen283
)
("C:\Users\Alan Han\AppData\Local\Programs\MiKTeX 2.9\tex/generic/pgf/basiclaye
r\pgfcorequick.code.tex"
File: pgfcorequick.code.tex 2019/01/05 v3.1 (3.1)
)
("C:\Users\Alan Han\AppData\Local\Programs\MiKTeX 2.9\tex/generic/pgf/basiclaye
r\pgfcoreobjects.code.tex"
File: pgfcoreobjects.code.tex 2019/01/05 v3.1 (3.1)
)
("C:\Users\Alan Han\AppData\Local\Programs\MiKTeX 2.9\tex/generic/pgf/basiclaye
r\pgfcorepathprocessing.code.tex"
File: pgfcorepathprocessing.code.tex 2019/01/05 v3.1 (3.1)
)
("C:\Users\Alan Han\AppData\Local\Programs\MiKTeX 2.9\tex/generic/pgf/basiclaye
r\pgfcorearrows.code.tex"
File: pgfcorearrows.code.tex 2019/01/05 v3.1 (3.1)
\pgfarrowsep=\dimen284
)
("C:\Users\Alan Han\AppData\Local\Programs\MiKTeX 2.9\tex/generic/pgf/basiclaye
r\pgfcoreshade.code.tex"
File: pgfcoreshade.code.tex 2019/01/05 v3.1 (3.1)
\pgf@max=\dimen285
\pgf@sys@shading@range@num=\count410
)
("C:\Users\Alan Han\AppData\Local\Programs\MiKTeX 2.9\tex/generic/pgf/basiclaye
r\pgfcoreimage.code.tex"
File: pgfcoreimage.code.tex 2019/01/05 v3.1 (3.1)

("C:\Users\Alan Han\AppData\Local\Programs\MiKTeX 2.9\tex/generic/pgf/basiclaye
r\pgfcoreexternal.code.tex"
File: pgfcoreexternal.code.tex 2019/01/05 v3.1 (3.1)
\pgfexternal@startupbox=\box51
))
("C:\Users\Alan Han\AppData\Local\Programs\MiKTeX 2.9\tex/generic/pgf/basiclaye
r\pgfcorelayers.code.tex"
File: pgfcorelayers.code.tex 2019/01/05 v3.1 (3.1)
)
("C:\Users\Alan Han\AppData\Local\Programs\MiKTeX 2.9\tex/generic/pgf/basiclaye
r\pgfcoretransparency.code.tex"
File: pgfcoretransparency.code.tex 2019/01/05 v3.1 (3.1)
)
("C:\Users\Alan Han\AppData\Local\Programs\MiKTeX 2.9\tex/generic/pgf/basiclaye
r\pgfcorepatterns.code.tex"
File: pgfcorepatterns.code.tex 2019/01/05 v3.1 (3.1)
)
("C:\Users\Alan Han\AppData\Local\Programs\MiKTeX 2.9\tex/generic/pgf/basiclaye
r\pgfcorerdf.code.tex"
File: pgfcorerdf.code.tex 2019/01/05 v3.1 (3.1)
)))
("C:\Users\Alan Han\AppData\Local\Programs\MiKTeX 2.9\tex/generic/pgf/modules\p
gfmoduleshapes.code.tex"
File: pgfmoduleshapes.code.tex 2019/01/05 v3.1 (3.1)
\pgfnodeparttextbox=\box52
)
("C:\Users\Alan Han\AppData\Local\Programs\MiKTeX 2.9\tex/generic/pgf/modules\p
gfmoduleplot.code.tex"
File: pgfmoduleplot.code.tex 2019/01/05 v3.1 (3.1)
)
("C:\Users\Alan Han\AppData\Local\Programs\MiKTeX 2.9\tex/latex/pgf/compatibili
ty\pgfcomp-version-0-65.sty"
Package: pgfcomp-version-0-65 2019/01/05 v3.1 (3.1)
\pgf@nodesepstart=\dimen286
\pgf@nodesepend=\dimen287
)
("C:\Users\Alan Han\AppData\Local\Programs\MiKTeX 2.9\tex/latex/pgf/compatibili
ty\pgfcomp-version-1-18.sty"
Package: pgfcomp-version-1-18 2019/01/05 v3.1 (3.1)
))
("C:\Users\Alan Han\AppData\Local\Programs\MiKTeX 2.9\tex/latex/pgf/utilities\p
gffor.sty"
("C:\Users\Alan Han\AppData\Local\Programs\MiKTeX 2.9\tex/latex/pgf/utilities\p
gfkeys.sty"
("C:\Users\Alan Han\AppData\Local\Programs\MiKTeX 2.9\tex/generic/pgf/utilities
\pgfkeys.code.tex"))
("C:\Users\Alan Han\AppData\Local\Programs\MiKTeX 2.9\tex/latex/pgf/math\pgfmat
h.sty"
("C:\Users\Alan Han\AppData\Local\Programs\MiKTeX 2.9\tex/generic/pgf/math\pgfm
ath.code.tex"))
("C:\Users\Alan Han\AppData\Local\Programs\MiKTeX 2.9\tex/generic/pgf/utilities
\pgffor.code.tex"
Package: pgffor 2019/01/05 v3.1 (3.1)

("C:\Users\Alan Han\AppData\Local\Programs\MiKTeX 2.9\tex/generic/pgf/math\pgfm
ath.code.tex")
\pgffor@iter=\dimen288
\pgffor@skip=\dimen289
\pgffor@stack=\toks29
\pgffor@toks=\toks30
))
("C:\Users\Alan Han\AppData\Local\Programs\MiKTeX 2.9\tex/generic/pgf/frontendl
ayer/tikz\tikz.code.tex"
Package: tikz 2019/01/05 v3.1 (3.1)

("C:\Users\Alan Han\AppData\Local\Programs\MiKTeX 2.9\tex/generic/pgf/libraries
\pgflibraryplothandlers.code.tex"
File: pgflibraryplothandlers.code.tex 2019/01/05 v3.1 (3.1)
\pgf@plot@mark@count=\count411
\pgfplotmarksize=\dimen290
)
\tikz@lastx=\dimen291
\tikz@lasty=\dimen292
\tikz@lastxsaved=\dimen293
\tikz@lastysaved=\dimen294
\tikzleveldistance=\dimen295
\tikzsiblingdistance=\dimen296
\tikz@figbox=\box53
\tikz@figbox@bg=\box54
\tikz@tempbox=\box55
\tikz@tempbox@bg=\box56
\tikztreelevel=\count412
\tikznumberofchildren=\count413
\tikznumberofcurrentchild=\count414
\tikz@fig@count=\count415

("C:\Users\Alan Han\AppData\Local\Programs\MiKTeX 2.9\tex/generic/pgf/modules\p
gfmodulematrix.code.tex"
File: pgfmodulematrix.code.tex 2019/01/05 v3.1 (3.1)
\pgfmatrixcurrentrow=\count416
\pgfmatrixcurrentcolumn=\count417
\pgf@matrix@numberofcolumns=\count418
)
\tikz@expandcount=\count419

("C:\Users\Alan Han\AppData\Local\Programs\MiKTeX 2.9\tex/generic/pgf/frontendl
ayer/tikz/libraries\tikzlibrarytopaths.code.tex"
File: tikzlibrarytopaths.code.tex 2019/01/05 v3.1 (3.1)
)))
("C:\Users\Alan Han\AppData\Local\Programs\MiKTeX 2.9\tex/latex/tools\tabularx.
sty"
Package: tabularx 2016/02/03 v2.11b `tabularx' package (DPC)

("C:\Users\Alan Han\AppData\Local\Programs\MiKTeX 2.9\tex/latex/tools\array.sty
"
Package: array 2018/11/13 v2.4j Tabular extension package (FMi)
\col@sep=\dimen297
\ar@mcellbox=\box57
\extrarowheight=\dimen298
\NC@list=\toks31
\extratabsurround=\skip92
\backup@length=\skip93
\ar@cellbox=\box58
)
\TX@col@width=\dimen299
\TX@old@table=\dimen300
\TX@old@col=\dimen301
\TX@target=\dimen302
\TX@delta=\dimen303
\TX@cols=\count420
\TX@ftn=\toks32
)
("C:\Users\Alan Han\AppData\Local\Programs\MiKTeX 2.9\tex/latex/multirow\multir
ow.sty"
Package: multirow 2019/01/01 v2.4 Span multiple rows of a table
\multirow@colwidth=\skip94
\multirow@cntb=\count421
\multirow@dima=\skip95
\bigstrutjot=\dimen304
)
("C:\Users\Alan Han\AppData\Local\Programs\MiKTeX 2.9\tex/latex/colortbl\colort
bl.sty"
Package: colortbl 2018/12/12 v1.0d Color table columns (DPC)
\everycr=\toks33
\minrowclearance=\skip96
)
("C:\Users\Alan Han\AppData\Local\Programs\MiKTeX 2.9\tex/latex/floatrow\floatr
ow.sty"
Package: floatrow 2008/08/02 v0.3b floatrow: float package extension
\c@float@type=\count422
\float@exts=\toks34
\float@box=\box59
\@floatcapt=\box60
Package floatrow Info: Modified float package code loaded on input line 455.
Package floatrow Info: Modified rotfloat package code loaded on input line 473.

\FR@everyfloat=\toks35
\flrow@foot=\insert252
\FB@wd=\dimen305
\FBo@wd=\dimen306
\FBc@wd=\dimen307
\FBo@ht=\skip97
\FBc@ht=\skip98
\FBf@ht=\skip99
\FBo@max=\skip100
\FBc@max=\skip101
\FBf@max=\skip102
\c@FBl@b=\count423
\floatbox@depth=\count424
\c@FRobj=\count425
\c@FRsobj=\count426
\Xhsize=\skip103
\sXhsize=\skip104
\Zhsize=\skip105
\sZhsize=\skip106
\flrow@rowbox=\box61
\FR@Zunitlength=\dimen308
\c@FBcnt=\count427
\FPOScnt=\count428
\LTleft=\skip107
\LTright=\skip108
\LTleft=\skip109
\LTright=\skip110
\flrow@types=\toks36
)
("C:\Users\Alan Han\AppData\Local\Programs\MiKTeX 2.9\tex/latex/amsmath\amsmath
.sty"
Package: amsmath 2018/12/01 v2.17b AMS math features
\@mathmargin=\skip111

For additional information on amsmath, use the `?' option.

("C:\Users\Alan Han\AppData\Local\Programs\MiKTeX 2.9\tex/latex/amsmath\amstext
.sty"
Package: amstext 2000/06/29 v2.01 AMS text

("C:\Users\Alan Han\AppData\Local\Programs\MiKTeX 2.9\tex/latex/amsmath\amsgen.
sty"
File: amsgen.sty 1999/11/30 v2.0 generic functions
\@emptytoks=\toks37
\ex@=\dimen309
))
("C:\Users\Alan Han\AppData\Local\Programs\MiKTeX 2.9\tex/latex/amsmath\amsbsy.
sty"
Package: amsbsy 1999/11/29 v1.2d Bold Symbols
\pmbraise@=\dimen310
)
("C:\Users\Alan Han\AppData\Local\Programs\MiKTeX 2.9\tex/latex/amsmath\amsopn.
sty"
Package: amsopn 2016/03/08 v2.02 operator names
)
\inf@bad=\count429
LaTeX Info: Redefining \frac on input line 223.
\uproot@=\count430
\leftroot@=\count431
LaTeX Info: Redefining \overline on input line 385.
\classnum@=\count432
\DOTSCASE@=\count433
LaTeX Info: Redefining \ldots on input line 482.
LaTeX Info: Redefining \dots on input line 485.
LaTeX Info: Redefining \cdots on input line 606.
\Mathstrutbox@=\box62
\strutbox@=\box63
\big@size=\dimen311
LaTeX Font Info:    Redeclaring font encoding OML on input line 729.
LaTeX Font Info:    Redeclaring font encoding OMS on input line 730.
\macc@depth=\count434
\c@MaxMatrixCols=\count435
\dotsspace@=\muskip18
\c@parentequation=\count436
\dspbrk@lvl=\count437
\tag@help=\toks38
\row@=\count438
\column@=\count439
\maxfields@=\count440
\andhelp@=\toks39
\eqnshift@=\dimen312
\alignsep@=\dimen313
\tagshift@=\dimen314
\tagwidth@=\dimen315
\totwidth@=\dimen316
\lineht@=\dimen317
\@envbody=\toks40
\multlinegap=\skip112
\multlinetaggap=\skip113
\mathdisplay@stack=\toks41
LaTeX Info: Redefining \[ on input line 2844.
LaTeX Info: Redefining \] on input line 2845.
)
("C:\Users\Alan Han\AppData\Local\Programs\MiKTeX 2.9\tex/latex/siunitx\siunitx
.sty"
Package: siunitx 2018/05/17 v2.7s A comprehensive (SI) units package
\l__siunitx_tmp_box=\box64
\l__siunitx_tmp_dim=\dimen318
\l__siunitx_tmp_int=\count441
\l__siunitx_number_mantissa_length_int=\count442
\l__siunitx_number_uncert_length_int=\count443
\l__siunitx_round_int=\count444
\l__siunitx_process_decimal_int=\count445
\l__siunitx_process_uncertainty_int=\count446
\l__siunitx_process_fixed_int=\count447
\l__siunitx_process_integer_min_int=\count448
\l__siunitx_process_precision_int=\count449
\l__siunitx_group_min_int=\count450
\l__siunitx_angle_marker_box=\box65
\l__siunitx_angle_unit_box=\box66
\l__siunitx_angle_marker_dim=\dimen319
\l__siunitx_angle_unit_dim=\dimen320
\l__siunitx_unit_int=\count451
\l__siunitx_unit_denominator_int=\count452
\l__siunitx_unit_numerator_int=\count453
\l__siunitx_unit_prefix_int=\count454
\l__siunitx_unit_prefix_base_int=\count455
\l__siunitx_unit_prefix_gram_int=\count456
\l__siunitx_number_product_int=\count457
\c__siunitx_one_fill_skip=\skip114
\l__siunitx_table_unit_align_skip=\skip115
\l__siunitx_table_exponent_dim=\dimen321
\l__siunitx_table_integer_dim=\dimen322
\l__siunitx_table_mantissa_dim=\dimen323
\l__siunitx_table_marker_dim=\dimen324
\l__siunitx_table_result_dim=\dimen325
\l__siunitx_table_uncert_dim=\dimen326
\l__siunitx_table_fill_pre_dim=\dimen327
\l__siunitx_table_fill_post_dim=\dimen328
\l__siunitx_table_fill_mid_dim=\dimen329
\l__siunitx_table_pre_box=\box67
\l__siunitx_table_post_box=\box68
\l__siunitx_table_mantissa_box=\box69
\l__siunitx_table_result_box=\box70
\l__siunitx_table_number_align_skip=\skip116
\l__siunitx_table_text_align_skip=\skip117

("C:\Users\Alan Han\AppData\Local\Programs\MiKTeX 2.9\tex/latex/translator\tran
slator.sty"
Package: translator 2018/01/04 v1.12 Easy translation of strings in LaTeX
))
("C:\Users\Alan Han\AppData\Local\Programs\MiKTeX 2.9\tex/latex/mhchem\mhchem.s
ty"
Package: mhchem 2018/06/22 v4.08 for typesetting chemical formulae

("C:\Users\Alan Han\AppData\Local\Programs\MiKTeX 2.9\tex/latex/chemgreek\chemg
reek.sty"
Package: chemgreek 2016/12/20 v1.1 interfaceforuprightgreeklettersforuseinchemi
stry (CN)
\l__chemgreek_tmpa_int=\count458
\g__chemgreek_tmpa_int=\count459
)
\l__mhchem_ce_distanceFromLastComma_int=\count460
\__mhchem_arrow_extPgfLength_skip=\skip118
\mhchem@minispace@tmp=\skip119
\mhchem@minibackspace@tmp=\skip120
\mhchem@bondwidth=\skip121
\mhchem@bondheight=\skip122
\mhchem@smallbondwidth@tmpA=\skip123
\mhchem@smallbondwidth@tmpB=\skip124
\mhchem@smallbondwidth=\skip125
\mhchem@bondtmp@minussidebearingleft=\skip126
\mhchem@bondtmp@minussidebearingright=\skip127
\l__mhchem_option_version_int=\count461
\mhchem@option@minusmathsidebearingleft=\dimen330
\mhchem@option@minusmathsidebearingright=\dimen331
\mhchem@option@minustextsidebearingleft=\dimen332
\mhchem@option@minustextsidebearingright=\dimen333
)
("C:\Users\Alan Han\AppData\Local\Programs\MiKTeX 2.9\tex/latex/todonotes\todon
otes.sty"
Package: todonotes 2018/11/22 v1.1.1 Todonotes source and documentation.
Package: todonotes 2018/11/22

("C:\Users\Alan Han\AppData\Local\Programs\MiKTeX 2.9\tex/latex/xkeyval\xkeyval
.sty"
Package: xkeyval 2014/12/03 v2.7a package option processing (HA)

("C:\Users\Alan Han\AppData\Local\Programs\MiKTeX 2.9\tex/generic/xkeyval\xkeyv
al.tex"
("C:\Users\Alan Han\AppData\Local\Programs\MiKTeX 2.9\tex/generic/xkeyval\xkvut
ils.tex"
\XKV@toks=\toks42
\XKV@tempa@toks=\toks43
)
\XKV@depth=\count462
File: xkeyval.tex 2014/12/03 v2.7a key=value parser (HA)
))
("C:\Users\Alan Han\AppData\Local\Programs\MiKTeX 2.9\tex/generic/pgf/frontendl
ayer/tikz/libraries\tikzlibrarypositioning.code.tex"
File: tikzlibrarypositioning.code.tex 2019/01/05 v3.1 (3.1)
)
("C:\Users\Alan Han\AppData\Local\Programs\MiKTeX 2.9\tex/generic/pgf/frontendl
ayer/tikz/libraries\tikzlibraryshadows.code.tex"
File: tikzlibraryshadows.code.tex 2019/01/05 v3.1 (3.1)

("C:\Users\Alan Han\AppData\Local\Programs\MiKTeX 2.9\tex/generic/pgf/frontendl
ayer/tikz/libraries\tikzlibraryfadings.code.tex"
File: tikzlibraryfadings.code.tex 2019/01/05 v3.1 (3.1)

("C:\Users\Alan Han\AppData\Local\Programs\MiKTeX 2.9\tex/generic/pgf/libraries
\pgflibraryfadings.code.tex"
File: pgflibraryfadings.code.tex 2019/01/05 v3.1 (3.1)
)))
\c@@todonotes@numberoftodonotes=\count463
)
("C:\Users\Alan Han\AppData\Local\Programs\MiKTeX 2.9\tex/latex/oberdiek\listin
gsutf8.sty"
Package: listingsutf8 2016/05/16 v1.3 Allow UTF-8 in listings input (HO)

("C:\Users\Alan Han\AppData\Local\Programs\MiKTeX 2.9\tex/latex/listings\listin
gs.sty"
\lst@mode=\count464
\lst@gtempboxa=\box71
\lst@token=\toks44
\lst@length=\count465
\lst@currlwidth=\dimen334
\lst@column=\count466
\lst@pos=\count467
\lst@lostspace=\dimen335
\lst@width=\dimen336
\lst@newlines=\count468
\lst@lineno=\count469
\lst@maxwidth=\dimen337

("C:\Users\Alan Han\AppData\Local\Programs\MiKTeX 2.9\tex/latex/listings\lstmis
c.sty"
File: lstmisc.sty 2018/09/02 1.7 (Carsten Heinz)
\c@lstnumber=\count470
\lst@skipnumbers=\count471
\lst@framebox=\box72
)
("C:\Users\Alan Han\AppData\Local\Programs\MiKTeX 2.9\tex/latex/listings\listin
gs.cfg"
File: listings.cfg 2018/09/02 1.7 listings configuration
))
Package: listings 2018/09/02 1.7 (Carsten Heinz)


Package listingsutf8 Warning: Package loading is aborted because of missing \pd
f@unescapehex.
(listingsutf8)                It is provided by pdfTeX >= 1.30.

) (macros_preamble.tex
("C:\Users\Alan Han\AppData\Local\Programs\MiKTeX 2.9\tex/latex/zhnumber\zhnumb
er.sty"
Package: zhnumber 2018/01/28 v2.6 Typesetting numbers with Chinese glyphs
\l__zhnum_scale_int=\count472

("C:\Users\Alan Han\AppData\Local\Programs\MiKTeX 2.9\tex/latex/zhnumber\zhnumb
er-utf8.cfg"
File: zhnumber-utf8.cfg 2018/01/28 v2.6 Chinese numerals with UTF8 encoding
))
\c__xeCJK_CJK/cjkO_class_int=\XeTeXcharclass10


Package xeCJK Warning: Redefining CJKfamily `\CJKsfdefault' (DFKai-SB).

)
("C:\Users\Alan Han\AppData\Local\Programs\MiKTeX 2.9\tex/latex/hyperref\hyperr
ef.sty"
Package: hyperref 2018/11/30 v6.88e Hypertext links for LaTeX

("C:\Users\Alan Han\AppData\Local\Programs\MiKTeX 2.9\tex/generic/oberdiek\hobs
ub-hyperref.sty"
Package: hobsub-hyperref 2016/05/16 v1.14 Bundle oberdiek, subset hyperref (HO)


("C:\Users\Alan Han\AppData\Local\Programs\MiKTeX 2.9\tex/generic/oberdiek\hobs
ub-generic.sty"
Package: hobsub-generic 2016/05/16 v1.14 Bundle oberdiek, subset generic (HO)
Package: hobsub 2016/05/16 v1.14 Construct package bundles (HO)
Package hobsub Info: Skipping package `infwarerr' (already loaded).
Package hobsub Info: Skipping package `ltxcmds' (already loaded).
Package hobsub Info: Skipping package `ifluatex' (already loaded).
Package hobsub Info: Skipping package `ifvtex' (already loaded).
Package: intcalc 2016/05/16 v1.2 Expandable calculations with integers (HO)
Package hobsub Info: Skipping package `ifpdf' (already loaded).
Package hobsub Info: Skipping package `etexcmds' (already loaded).
Package hobsub Info: Skipping package `kvsetkeys' (already loaded).
Package: kvdefinekeys 2016/05/16 v1.4 Define keys (HO)
Package hobsub Info: Skipping package `pdftexcmds' (already loaded).
Package: pdfescape 2016/05/16 v1.14 Implements pdfTeX's escape features (HO)
Package: bigintcalc 2016/05/16 v1.4 Expandable calculations on big integers (HO
)
Package: bitset 2016/05/16 v1.2 Handle bit-vector datatype (HO)
Package: uniquecounter 2016/05/16 v1.3 Provide unlimited unique counter (HO)
)
Package hobsub Info: Skipping package `hobsub' (already loaded).
Package: letltxmacro 2016/05/16 v1.5 Let assignment for LaTeX macros (HO)
Package: hopatch 2016/05/16 v1.3 Wrapper for package hooks (HO)
Package: xcolor-patch 2016/05/16 xcolor patch
Package: atveryend 2016/05/16 v1.9 Hooks at the very end of document (HO)
Package hobsub Info: Skipping package `atbegshi' (already loaded).
Package: refcount 2016/05/16 v3.5 Data extraction from label references (HO)
Package: hycolor 2016/05/16 v1.8 Color options for hyperref/bookmark (HO)
)
("C:\Users\Alan Han\AppData\Local\Programs\MiKTeX 2.9\tex/latex/oberdiek\auxhoo
k.sty"
Package: auxhook 2016/05/16 v1.4 Hooks for auxiliary files (HO)
)
\@linkdim=\dimen338
\Hy@linkcounter=\count473
\Hy@pagecounter=\count474

("C:\Users\Alan Han\AppData\Local\Programs\MiKTeX 2.9\tex/latex/hyperref\pd1enc
.def"
File: pd1enc.def 2018/11/30 v6.88e Hyperref: PDFDocEncoding definition (HO)
)
\Hy@SavedSpaceFactor=\count475

("C:\Users\Alan Han\AppData\Local\Programs\MiKTeX 2.9\tex/latex/00miktex\hyperr
ef.cfg"
File: hyperref.cfg 2002/06/06 v1.2 hyperref configuration of TeXLive
)
Package hyperref Info: Hyper figures OFF on input line 4519.
Package hyperref Info: Link nesting OFF on input line 4524.
Package hyperref Info: Hyper index ON on input line 4527.
Package hyperref Info: Plain pages OFF on input line 4534.
Package hyperref Info: Backreferencing OFF on input line 4539.
Package hyperref Info: Implicit mode ON; LaTeX internals redefined.
Package hyperref Info: Bookmarks ON on input line 4772.
\c@Hy@tempcnt=\count476
LaTeX Info: Redefining \url on input line 5125.
\XeTeXLinkMargin=\dimen339
\Fld@menulength=\count477
\Field@Width=\dimen340
\Fld@charsize=\dimen341
Package hyperref Info: Hyper figures OFF on input line 6380.
Package hyperref Info: Link nesting OFF on input line 6385.
Package hyperref Info: Hyper index ON on input line 6388.
Package hyperref Info: backreferencing OFF on input line 6395.
Package hyperref Info: Link coloring OFF on input line 6400.
Package hyperref Info: Link coloring with OCG OFF on input line 6405.
Package hyperref Info: PDF/A mode OFF on input line 6410.
LaTeX Info: Redefining \ref on input line 6450.
LaTeX Info: Redefining \pageref on input line 6454.
\Hy@abspage=\count478
\c@Item=\count479
\c@Hfootnote=\count480
)
Package hyperref Info: Driver (autodetected): hxetex.

("C:\Users\Alan Han\AppData\Local\Programs\MiKTeX 2.9\tex/latex/hyperref\hxetex
.def"
File: hxetex.def 2018/11/30 v6.88e Hyperref driver for XeTeX

("C:\Users\Alan Han\AppData\Local\Programs\MiKTeX 2.9\tex/latex/hyperref\puenc.
def"
File: puenc.def 2018/11/30 v6.88e Hyperref: PDF Unicode definition (HO)
)
("C:\Users\Alan Han\AppData\Local\Programs\MiKTeX 2.9\tex/generic/oberdiek\stri
ngenc.sty"
Package: stringenc 2016/05/16 v1.11 Convert strings between diff. encodings (HO
)
)
\pdfm@box=\box73
\c@Hy@AnnotLevel=\count481
\HyField@AnnotCount=\count482
\Fld@listcount=\count483
\c@bookmark@seq@number=\count484

("C:\Users\Alan Han\AppData\Local\Programs\MiKTeX 2.9\tex/latex/oberdiek\rerunf
ilecheck.sty"
Package: rerunfilecheck 2016/05/16 v1.8 Rerun checks for auxiliary files (HO)
Package uniquecounter Info: New unique counter `rerunfilecheck' on input line 2
82.
)
\Hy@SectionHShift=\skip128
)
("C:\Users\Alan Han\AppData\Local\Programs\MiKTeX 2.9\tex/generic/oberdiek\se-a
scii-print.def"
File: se-ascii-print.def 2016/05/16 v1.11 stringenc: Printable ASCII characters

)
("C:\Users\Alan Han\AppData\Local\Programs\MiKTeX 2.9\tex/latex/cleveref\clever
ef.sty"
Package: cleveref 2018/03/27 v0.21.4 Intelligent cross-referencing
Package cleveref Info: `hyperref' support loaded on input line 2370.
LaTeX Info: Redefining \cref on input line 2370.
LaTeX Info: Redefining \Cref on input line 2370.
LaTeX Info: Redefining \crefrange on input line 2370.
LaTeX Info: Redefining \Crefrange on input line 2370.
LaTeX Info: Redefining \cpageref on input line 2370.
LaTeX Info: Redefining \Cpageref on input line 2370.
LaTeX Info: Redefining \cpagerefrange on input line 2370.
LaTeX Info: Redefining \Cpagerefrange on input line 2370.
LaTeX Info: Redefining \labelcref on input line 2370.
LaTeX Info: Redefining \labelcpageref on input line 2370.
Package cleveref Info: `listings' support loaded on input line 3131.
) (sppmgTools.sty
Package: sppmgTools 2016/11/29 by sppmg
)))
("C:\Users\Alan Han\AppData\Local\Programs\MiKTeX 2.9\tex/latex/standalone\stan
dalone.sty"
Package: standalone 2018/03/26 v1.3a Package to include TeX sub-files with prea
mbles

("C:\Users\Alan Han\AppData\Local\Programs\MiKTeX 2.9\tex/latex/currfile\currfi
le.sty"
Package: currfile 2015/04/23 v0.7c Provides the file path elements of the curre
nt input file

("C:\Users\Alan Han\AppData\Local\Programs\MiKTeX 2.9\tex/latex/filehook\fileho
ok.sty"
Package: filehook 2011/10/12 v0.5d Hooks for input files
)
\c@currfiledepth=\count485
)
\sa@out=\write5
 (main.sta)
("C:\Users\Alan Han\AppData\Local\Programs\MiKTeX 2.9\tex/latex/gincltex\ginclt
ex.sty"
("C:\Users\Alan Han\AppData\Local\Programs\MiKTeX 2.9\tex/latex/svn-prov\svn-pr
ov.sty"
Package: svn-prov 2010/04/24 v3.1862 Package Date/Version from SVN Keywords
)
Package: gincltex 2011/09/04 v0.3 Include external LaTeX files like graphics

("C:\Users\Alan Han\AppData\Local\Programs\MiKTeX 2.9\tex/latex/adjustbox\adjus
tbox.sty"
Package: adjustbox 2019/01/04 v1.2 Adjusting TeX boxes (trim, clip, ...)

("C:\Users\Alan Han\AppData\Local\Programs\MiKTeX 2.9\tex/latex/adjustbox\adjca
lc.sty"
Package: adjcalc 2012/05/16 v1.1 Provides advanced setlength with multiple back
-ends (calc, etex, pgfmath)
)
("C:\Users\Alan Han\AppData\Local\Programs\MiKTeX 2.9\tex/latex/adjustbox\trimc
lip.sty"
Package: trimclip 2018/04/08 v1.1 Trim and clip general TeX material

("C:\Users\Alan Han\AppData\Local\Programs\MiKTeX 2.9\tex/latex/collectbox\coll
ectbox.sty"
Package: collectbox 2012/05/17 v0.4b Collect macro arguments as boxes
\collectedbox=\box74
)
\tc@llx=\dimen342
\tc@lly=\dimen343
\tc@urx=\dimen344
\tc@ury=\dimen345
Package trimclip Info: Using driver 'tc-xetex.def'.

("C:\Users\Alan Han\AppData\Local\Programs\MiKTeX 2.9\tex/latex/adjustbox\tc-xe
tex.def"
File: tc-xetex.def 2019/01/04 v2.2 Clipping driver for xetex
))
\adjbox@Width=\dimen346
\adjbox@Height=\dimen347
\adjbox@Depth=\dimen348
\adjbox@Totalheight=\dimen349
\adjbox@pwidth=\dimen350
\adjbox@pheight=\dimen351
\adjbox@pdepth=\dimen352
\adjbox@ptotalheight=\dimen353

("C:\Users\Alan Han\AppData\Local\Programs\MiKTeX 2.9\tex/latex/ifoddpage\ifodd
page.sty"
Package: ifoddpage 2016/04/23 v1.1 Conditionals for odd/even page detection
\c@checkoddpage=\count486
)
("C:\Users\Alan Han\AppData\Local\Programs\MiKTeX 2.9\tex/latex/varwidth\varwid
th.sty"
Package: varwidth 2009/03/30 ver 0.92;  Variable-width minipages
\@vwid@box=\box75
\sift@deathcycles=\count487
\@vwid@loff=\dimen354
\@vwid@roff=\dimen355
))
\gincltex@box=\box76
))
\symCJKmath=\mathgroup255
LaTeX Font Info:    Overwriting symbol font `CJKmath' in version `bold'
(Font)                  TU/MingLiU(0)/m/n --> TU/MingLiU(0)/bx/n on input line 
21.

("C:\Users\Alan Han\AppData\Local\Programs\MiKTeX 2.9\tex/xelatex/xecjk\xeCJK-l
istings.sty"
Package: xeCJK-listings 2018/04/30 v3.7.1 xeCJK patch file for listings
\l__xeCJK_listings_max_char_int=\count488
\l__xeCJK_listings_flag_int=\count489
)
Package biblatex Info: Trying to load language 'english'...
Package biblatex Info: ... file 'english.lbx' found.

("C:\Users\Alan Han\AppData\Local\Programs\MiKTeX 2.9\tex/latex/biblatex/lbx\en
glish.lbx"
File: english.lbx 2018/11/02 v3.12 biblatex localization (PK/MW)
)
\@quotelevel=\count490
\@quotereset=\count491
 (main.aux)
\openout1 = `main.aux'.

LaTeX Font Info:    Checking defaults for OML/cmm/m/it on input line 21.
LaTeX Font Info:    ... okay on input line 21.
LaTeX Font Info:    Checking defaults for T1/cmr/m/n on input line 21.
LaTeX Font Info:    ... okay on input line 21.
LaTeX Font Info:    Checking defaults for OT1/cmr/m/n on input line 21.
LaTeX Font Info:    ... okay on input line 21.
LaTeX Font Info:    Checking defaults for OMS/cmsy/m/n on input line 21.
LaTeX Font Info:    ... okay on input line 21.
LaTeX Font Info:    Checking defaults for TU/lmr/m/n on input line 21.
LaTeX Font Info:    ... okay on input line 21.
LaTeX Font Info:    Checking defaults for OMX/cmex/m/n on input line 21.
LaTeX Font Info:    ... okay on input line 21.
LaTeX Font Info:    Checking defaults for U/cmr/m/n on input line 21.
LaTeX Font Info:    ... okay on input line 21.
LaTeX Font Info:    Checking defaults for PD1/pdf/m/n on input line 21.
LaTeX Font Info:    ... okay on input line 21.
LaTeX Font Info:    Checking defaults for PU/pdf/m/n on input line 21.
LaTeX Font Info:    ... okay on input line 21.

Package fontspec Info: Adjusting the maths setup (use [no-math] to avoid
(fontspec)             this).

\symlegacymaths=\mathgroup4
LaTeX Font Info:    Overwriting symbol font `legacymaths' in version `bold'
(Font)                  OT1/cmr/m/n --> OT1/cmr/bx/n on input line 21.
LaTeX Font Info:    Redeclaring math accent \acute on input line 21.
LaTeX Font Info:    Redeclaring math accent \grave on input line 21.
LaTeX Font Info:    Redeclaring math accent \ddot on input line 21.
LaTeX Font Info:    Redeclaring math accent \tilde on input line 21.
LaTeX Font Info:    Redeclaring math accent \bar on input line 21.
LaTeX Font Info:    Redeclaring math accent \breve on input line 21.
LaTeX Font Info:    Redeclaring math accent \check on input line 21.
LaTeX Font Info:    Redeclaring math accent \hat on input line 21.
LaTeX Font Info:    Redeclaring math accent \dot on input line 21.
LaTeX Font Info:    Redeclaring math accent \mathring on input line 21.
LaTeX Font Info:    Redeclaring math symbol \Gamma on input line 21.
LaTeX Font Info:    Redeclaring math symbol \Delta on input line 21.
LaTeX Font Info:    Redeclaring math symbol \Theta on input line 21.
LaTeX Font Info:    Redeclaring math symbol \Lambda on input line 21.
LaTeX Font Info:    Redeclaring math symbol \Xi on input line 21.
LaTeX Font Info:    Redeclaring math symbol \Pi on input line 21.
LaTeX Font Info:    Redeclaring math symbol \Sigma on input line 21.
LaTeX Font Info:    Redeclaring math symbol \Upsilon on input line 21.
LaTeX Font Info:    Redeclaring math symbol \Phi on input line 21.
LaTeX Font Info:    Redeclaring math symbol \Psi on input line 21.
LaTeX Font Info:    Redeclaring math symbol \Omega on input line 21.
LaTeX Font Info:    Redeclaring math symbol \mathdollar on input line 21.
LaTeX Font Info:    Redeclaring symbol font `operators' on input line 21.
LaTeX Font Info:    Encoding `OT1' has changed to `TU' for symbol font
(Font)              `operators' in the math version `normal' on input line 21.
LaTeX Font Info:    Overwriting symbol font `operators' in version `normal'
(Font)                  OT1/cmr/m/n --> TU/lmr/m/n on input line 21.
LaTeX Font Info:    Encoding `OT1' has changed to `TU' for symbol font
(Font)              `operators' in the math version `bold' on input line 21.
LaTeX Font Info:    Overwriting symbol font `operators' in version `bold'
(Font)                  OT1/cmr/bx/n --> TU/lmr/m/n on input line 21.
LaTeX Font Info:    Overwriting symbol font `operators' in version `normal'
(Font)                  TU/lmr/m/n --> TU/lmr/m/n on input line 21.
LaTeX Font Info:    Overwriting math alphabet `\mathit' in version `normal'
(Font)                  OT1/cmr/m/it --> TU/lmr/m/it on input line 21.
LaTeX Font Info:    Overwriting math alphabet `\mathbf' in version `normal'
(Font)                  OT1/cmr/bx/n --> TU/lmr/bx/n on input line 21.
LaTeX Font Info:    Overwriting math alphabet `\mathsf' in version `normal'
(Font)                  OT1/cmss/m/n --> TU/lmss/m/n on input line 21.
LaTeX Font Info:    Overwriting math alphabet `\mathtt' in version `normal'
(Font)                  OT1/cmtt/m/n --> TU/lmtt/m/n on input line 21.
LaTeX Font Info:    Overwriting symbol font `operators' in version `bold'
(Font)                  TU/lmr/m/n --> TU/lmr/bx/n on input line 21.
LaTeX Font Info:    Overwriting math alphabet `\mathit' in version `bold'
(Font)                  OT1/cmr/bx/it --> TU/lmr/bx/it on input line 21.
LaTeX Font Info:    Overwriting math alphabet `\mathsf' in version `bold'
(Font)                  OT1/cmss/bx/n --> TU/lmss/bx/n on input line 21.
LaTeX Font Info:    Overwriting math alphabet `\mathtt' in version `bold'
(Font)                  OT1/cmtt/m/n --> TU/lmtt/bx/n on input line 21.

*geometry* detected driver: pdftex
*geometry* verbose mode - [ preamble ] result:
* driver: pdftex
* paper: a4paper
* layout: <same size as paper>
* layoutoffset:(h,v)=(0.0pt,0.0pt)
* modes: twoside 
* h-part:(L,W,R)=(85.35826pt, 455.24411pt, 56.9055pt)
* v-part:(T,H,B)=(71.13188pt, 702.78308pt, 71.13188pt)
* \paperwidth=597.50787pt
* \paperheight=845.04684pt
* \textwidth=455.24411pt
* \textheight=702.78308pt
* \oddsidemargin=13.08827pt
* \evensidemargin=-15.36449pt
* \topmargin=-33.0119pt
* \headheight=12.0pt
* \headsep=19.8738pt
* \topskip=12.0pt
* \footskip=30.0pt
* \marginparwidth=56.9055pt
* \marginparsep=7.0pt
* \columnsep=10.0pt
* \skip\footins=10.8pt plus 4.0pt minus 2.0pt
* \hoffset=0.0pt
* \voffset=0.0pt
* \mag=1000
* \@twocolumnfalse
* \@twosidetrue
* \@mparswitchtrue
* \@reversemargintrue
* (1in=72.27pt=25.4mm, 1cm=28.453pt)

Package biblatex Info: XeTeX detected.
(biblatex)             Assuming input encoding 'utf8'.
Package biblatex Info: Automatic encoding selection.
(biblatex)             Assuming data encoding 'utf8'.
\openout3 = `main.bcf'.

Package biblatex Info: Trying to load bibliographic data...
Package biblatex Info: ... file 'main.bbl' found.
(main.bbl

Package biblatex Warning: The following entry could not be found
(biblatex)                in the database:
(biblatex)                _sppmg/tw_thesis_template_????
(biblatex)                Please verify the spelling and rerun
(biblatex)                LaTeX afterwards.

)
Package biblatex Info: Reference section=0 on input line 21.
Package biblatex Info: Reference segment=0 on input line 21.
\AtBeginShipoutBox=\box77

("C:\Users\Alan Han\AppData\Local\Programs\MiKTeX 2.9\tex/latex/oberdiek\pdflsc
ape.sty"
Package: pdflscape 2016/05/14 v0.11 Display of landscape pages in PDF (HO)

("C:\Users\Alan Han\AppData\Local\Programs\MiKTeX 2.9\tex/latex/graphics\lscape
.sty"
Package: lscape 2000/10/22 v3.01 Landscape Pages (DPC)
)
Package pdflscape Info: Auto-detected driver: dvipdfm (xetex) on input line 99.

)
Package caption Info: Begin \AtBeginDocument code.
Package caption Info: float package is loaded.
Package caption Info: floatrow package is loaded.
Package caption Info: hyperref package is loaded.
Package caption Info: listings package is loaded.
Package caption Info: End \AtBeginDocument code.
 ABD: EveryShipout initializing macros
("C:\Users\Alan Han\AppData\Local\Programs\MiKTeX 2.9\tex/latex/translator\tran
slator-basic-dictionary-English.dict"
Dictionary: translator-basic-dictionary, Language: English 
)
("C:\Users\Alan Han\AppData\Local\Programs\MiKTeX 2.9\tex/latex/siunitx\siunitx
-abbreviations.cfg"
File: siunitx-abbreviations.cfg 2017/11/26 v2.7k siunitx: Abbreviated units
)

Package chemgreek Info: Activating mapping `fontspec' on line 21.

\c@lstlisting=\count492

("C:\Users\Alan Han\AppData\Local\Programs\MiKTeX 2.9\tex/latex/base\inputenc.s
ty"
Package: inputenc 2018/08/11 v1.3c Input encoding file
\inpenc@prehook=\toks45
\inpenc@posthook=\toks46
) (macros_document.tex)
Package hyperref Info: Link coloring OFF on input line 21.

("C:\Users\Alan Han\AppData\Local\Programs\MiKTeX 2.9\tex/latex/hyperref\namere
f.sty"
Package: nameref 2016/05/21 v2.44 Cross-referencing by name of section

("C:\Users\Alan Han\AppData\Local\Programs\MiKTeX 2.9\tex/generic/oberdiek\gett
itlestring.sty"
Package: gettitlestring 2016/05/16 v1.5 Cleanup title references (HO)
)
\c@section@level=\count493
)
LaTeX Info: Redefining \ref on input line 21.
LaTeX Info: Redefining \pageref on input line 21.
LaTeX Info: Redefining \nameref on input line 21.
 (main.out) (main.out)
\@outlinefile=\write6
\openout6 = `main.out'.

 (main.sta)
\openout5 = `main.sta'.

 (titlepage.tex
\g_sppmg_profTotal_int=\count494

Package fontspec Info: Font family 'DFKai-SB(0)' created for font 'DFKai-SB'
(fontspec)             with options
(fontspec)             [Script={CJK},AutoFakeBold={2},AutoFakeSlant={0.167}].
(fontspec)              
(fontspec)              This font family consists of the following NFSS
(fontspec)             series/shapes:
(fontspec)              
(fontspec)             - 'normal' (m/n) with NFSS spec.:
(fontspec)             <->"DFKai-SB/OT:script=hani;language=DFLT;"
(fontspec)             - 'small caps'  (m/sc) with NFSS spec.: 
(fontspec)             - 'bold' (bx/n) with NFSS spec.:
(fontspec)             <->"DFKai-SB/OT:script=hani;language=DFLT;embolden=2;"
(fontspec)             - 'bold small caps'  (bx/sc) with NFSS spec.: 
(fontspec)             - 'italic' (m/it) with NFSS spec.:
(fontspec)             <->"DFKai-SB/OT:script=hani;language=DFLT;slant=0.167;"
(fontspec)             - 'italic small caps'  (m/itsc) with NFSS spec.: 
(fontspec)             - 'bold italic' (bx/it) with NFSS spec.:
(fontspec)             <->"DFKai-SB/OT:script=hani;language=DFLT;embolden=2;sla
nt=0.167;"
(fontspec)             - 'bold italic small caps'  (bx/itsc) with NFSS spec.: 

*geometry* verbose mode - [ newgeometry ] result:
* driver: pdftex
* paper: a4paper
* layout: <same size as paper>
* layoutoffset:(h,v)=(0.0pt,0.0pt)
* modes: twoside 
* h-part:(L,W,R)=(56.9055pt, 483.69687pt, 56.9055pt)
* v-part:(T,H,B)=(71.13188pt, 702.78308pt, 71.13188pt)
* \paperwidth=597.50787pt
* \paperheight=845.04684pt
* \textwidth=483.69687pt
* \textheight=702.78308pt
* \oddsidemargin=-15.36449pt
* \evensidemargin=-15.36449pt
* \topmargin=-33.0119pt
* \headheight=12.0pt
* \headsep=19.8738pt
* \topskip=12.0pt
* \footskip=30.0pt
* \marginparwidth=56.9055pt
* \marginparsep=7.0pt
* \columnsep=10.0pt
* \skip\footins=10.8pt plus 4.0pt minus 2.0pt
* \hoffset=0.0pt
* \voffset=0.0pt
* \mag=1000
* \@twocolumnfalse
* \@twosidetrue
* \@mparswitchtrue
* \@reversemarginfalse
* (1in=72.27pt=25.4mm, 1cm=28.453pt)

LaTeX Font Info:    Calculating math sizes for size <18> on input line 79.


LaTeX Font Warning: Font shape `OML/cmm/m/it' in size <18> not available
(Font)              size <17.28> substituted on input line 79.


LaTeX Font Warning: Font shape `OML/cmm/m/it' in size <12.59995> not available
(Font)              size <12> substituted on input line 79.


LaTeX Font Warning: Font shape `OMS/cmsy/m/n' in size <18> not available
(Font)              size <17.28> substituted on input line 79.


LaTeX Font Warning: Font shape `OMS/cmsy/m/n' in size <12.59995> not available
(Font)              size <12> substituted on input line 79.


LaTeX Font Warning: Font shape `OMX/cmex/m/n' in size <18> not available
(Font)              size <17.28> substituted on input line 79.


LaTeX Font Warning: Font shape `OMX/cmex/m/n' in size <12.59995> not available
(Font)              size <12> substituted on input line 79.


LaTeX Font Warning: Font shape `OT1/cmr/m/n' in size <18> not available
(Font)              size <17.28> substituted on input line 79.


LaTeX Font Warning: Font shape `OT1/cmr/m/n' in size <12.59995> not available
(Font)              size <12> substituted on input line 79.


Package xeCJK Info: Switch from block `CJK' to `cjkO'.


Package fontspec Warning: Font 'MingLiU' does not contain script 'CJK'.
(fontspec)                 'Latin' script used instead.


Package xeCJK Info: Switch from block `cjkO' to `CJK'.

File: ./figures/nthu-logo.pdf Graphic file (type pdf)
<use ./figures/nthu-logo.pdf>
[1




]
LaTeX Font Info:    Font shape `TU/lmss/m/it' in size <12> not available
(Font)              Font shape `TU/lmss/m/sl' tried instead on input line 103.
LaTeX Font Info:    Font shape `TU/lmss/m/it' in size <10> not available
(Font)              Font shape `TU/lmss/m/sl' tried instead on input line 103.
File: ./figures/nthu-logo.pdf Graphic file (type pdf)
<use ./figures/nthu-logo.pdf>
 [2


]) (abstract_zh.tex) (abstract_en.tex
File: ./figures/nthu-logo.pdf Graphic file (type pdf)
<use ./figures/nthu-logo.pdf>
 [3


]
File: ./figures/nthu-logo.pdf Graphic file (type pdf)
<use ./figures/nthu-logo.pdf>
 [4

]) (acknowledgements.tex
File: ./figures/nthu-logo.pdf Graphic file (type pdf)
<use ./figures/nthu-logo.pdf>

[5]
File: ./figures/nthu-logo.pdf Graphic file (type pdf)
<use ./figures/nthu-logo.pdf>
 [6

])
File: ./figures/nthu-logo.pdf Graphic file (type pdf)
<use ./figures/nthu-logo.pdf>
 [7]
File: ./figures/nthu-logo.pdf Graphic file (type pdf)
<use ./figures/nthu-logo.pdf>
 [8

] (main.toc
File: ./figures/nthu-logo.pdf Graphic file (type pdf)
<use ./figures/nthu-logo.pdf>
 [9

])
\tf@toc=\write7
\openout7 = `main.toc'.

File: ./figures/nthu-logo.pdf Graphic file (type pdf)
<use ./figures/nthu-logo.pdf>
 [10] (introduction.tex
Chapter 1.
File: ./figures/DM_search.png Graphic file (type bmp)
<./figures/DM_search.png>
File: ./figures/nthu-logo.pdf Graphic file (type pdf)
<use ./figures/nthu-logo.pdf>
[1


]
File: ./figures/zp2HDM.png Graphic file (type bmp)
<./figures/zp2HDM.png>
File: ./figures/nthu-logo.pdf Graphic file (type pdf)
<use ./figures/nthu-logo.pdf>
 [2]) (ATLAS.tex
File: ./figures/nthu-logo.pdf Graphic file (type pdf)
<use ./figures/nthu-logo.pdf>
 [3]
File: ./figures/nthu-logo.pdf Graphic file (type pdf)
<use ./figures/nthu-logo.pdf>
 [4

]
Chapter 2.
File: ./figures/nthu-logo.pdf Graphic file (type pdf)
<use ./figures/nthu-logo.pdf>
[5]
File: ./figures/ATLAS.png Graphic file (type bmp)
<./figures/ATLAS.png>
File: ./figures/Side_view.png Graphic file (type bmp)
<./figures/Side_view.png>

Underfull \vbox (badness 7814) has occurred while \output is active []

File: ./figures/nthu-logo.pdf Graphic file (type pdf)
<use ./figures/nthu-logo.pdf>
 [6]
File: ./figures/nthu-logo.pdf Graphic file (type pdf)
<use ./figures/nthu-logo.pdf>

[7]) (object_selection.tex
File: ./figures/nthu-logo.pdf Graphic file (type pdf)
<use ./figures/nthu-logo.pdf>
 [8]
Chapter 3.
File: ./figures/nthu-logo.pdf Graphic file (type pdf)
<use ./figures/nthu-logo.pdf>
[9

]
Underfull \vbox (badness 10000) has occurred while \output is active []

File: ./figures/nthu-logo.pdf Graphic file (type pdf)
<use ./figures/nthu-logo.pdf>
 [10]
Overfull \hbox (2.2281pt too wide) in paragraph at lines 49--60
 [][] 
 []

File: ./figures/nthu-logo.pdf Graphic file (type pdf)
<use ./figures/nthu-logo.pdf>
[11]
Underfull \vbox (badness 2828) has occurred while \output is active []

File: ./figures/nthu-logo.pdf Graphic file (type pdf)
<use ./figures/nthu-logo.pdf>
 [12]
Underfull \vbox (badness 7595) has occurred while \output is active []

File: ./figures/nthu-logo.pdf Graphic file (type pdf)
<use ./figures/nthu-logo.pdf>
 [13]
File: ./figures/nthu-logo.pdf Graphic file (type pdf)
<use ./figures/nthu-logo.pdf>

[14]) (event_selection.tex
File: ./figures/nthu-logo.pdf Graphic file (type pdf)
<use ./figures/nthu-logo.pdf>
 [15]
File: ./figures/nthu-logo.pdf Graphic file (type pdf)
<use ./figures/nthu-logo.pdf>
 [16

]
Chapter 4.
File: ./figures/nthu-logo.pdf Graphic file (type pdf)
<use ./figures/nthu-logo.pdf>
[17]
File: ./figures/nthu-logo.pdf Graphic file (type pdf)
<use ./figures/nthu-logo.pdf>
 [18]
File: ./figures/ttbar.png Graphic file (type bmp)
<./figures/ttbar.png>
File: ./figures/Wjets.png Graphic file (type bmp)
<./figures/Wjets.png>
File: ./figures/Zjets.png Graphic file (type bmp)
<./figures/Zjets.png>
File: ./figures/nthu-logo.pdf Graphic file (type pdf)
<use ./figures/nthu-logo.pdf>
 [19]
Overfull \hbox (77.61299pt too wide) in paragraph at lines 51--64
 [][] 
 []


LaTeX Warning: `h' float specifier changed to `ht'.

) (background_estimation.tex
File: ./figures/nthu-logo.pdf Graphic file (type pdf)
<use ./figures/nthu-logo.pdf>
 [20]
File: ./figures/nthu-logo.pdf Graphic file (type pdf)
<use ./figures/nthu-logo.pdf>
 [21]
File: ./figures/nthu-logo.pdf Graphic file (type pdf)
<use ./figures/nthu-logo.pdf>
 [22

]
Chapter 5.
File: ./figures/OR_before.png Graphic file (type bmp)
<./figures/OR_before.png>
File: ./figures/nthu-logo.pdf Graphic file (type pdf)
<use ./figures/nthu-logo.pdf>
[23]
File: ./figures/OR_after.png Graphic file (type bmp)
<./figures/OR_after.png>
File: ./figures/nthu-logo.pdf Graphic file (type pdf)
<use ./figures/nthu-logo.pdf>
 [24]
File: ./figures/unfixed_posW.jpg Graphic file (type bmp)
<./figures/unfixed_posW.jpg>
File: ./figures/fixed_posW.jpg Graphic file (type bmp)
<./figures/fixed_posW.jpg>
File: ./figures/unfixed_negW.pdf Graphic file (type pdf)
<use ./figures/unfixed_negW.pdf>
File: ./figures/fixed_negW.pdf Graphic file (type pdf)
<use ./figures/fixed_negW.pdf>
File: ./figures/nthu-logo.pdf Graphic file (type pdf)
<use ./figures/nthu-logo.pdf>
 [25]
File: ./figures/nthu-logo.pdf Graphic file (type pdf)
<use ./figures/nthu-logo.pdf>
 [26]
File: ./figures/nthu-logo.pdf Graphic file (type pdf)
<use ./figures/nthu-logo.pdf>
 [27]

Package hyperref Warning: Token not allowed in a PDF string (Unicode):
(hyperref)                removing `math shift' on input line 41.


Package hyperref Warning: Token not allowed in a PDF string (Unicode):
(hyperref)                removing `\mu' on input line 41.


Package hyperref Warning: Token not allowed in a PDF string (Unicode):
(hyperref)                removing `\nu' on input line 41.


Package hyperref Warning: Token not allowed in a PDF string (Unicode):
(hyperref)                removing `math shift' on input line 41.

File: ./figures/manybins.pdf Graphic file (type pdf)
<use ./figures/manybins.pdf>

Underfull \vbox (badness 1024) has occurred while \output is active []

File: ./figures/nthu-logo.pdf Graphic file (type pdf)
<use ./figures/nthu-logo.pdf>
 [28

])
(result.tex
File: ./figures/nthu-logo.pdf Graphic file (type pdf)
<use ./figures/nthu-logo.pdf>
 [29]
File: ./figures/nthu-logo.pdf Graphic file (type pdf)
<use ./figures/nthu-logo.pdf>
 [30

]
Chapter 6.
File: ./figures/nthu-logo.pdf Graphic file (type pdf)
<use ./figures/nthu-logo.pdf>
[31]
File: ./figures/MET_SR.png Graphic file (type bmp)
<./figures/MET_SR.png>
File: ./figures/SR_mjj_150_200.png Graphic file (type bmp)
<./figures/SR_mjj_150_200.png>
File: ./figures/SR_mjj_200_350.png Graphic file (type bmp)
<./figures/SR_mjj_200_350.png>
File: ./figures/SR_mjj_350_500.png Graphic file (type bmp)
<./figures/SR_mjj_350_500.png>
File: ./figures/SR_mJ_500.png Graphic file (type bmp)
<./figures/SR_mJ_500.png>
File: ./figures/nthu-logo.pdf Graphic file (type pdf)
<use ./figures/nthu-logo.pdf>
 [32]
File: ./figures/exclusion.png Graphic file (type bmp)
<./figures/exclusion.png>
File: ./figures/signal_strength.png Graphic file (type bmp)
<./figures/signal_strength.png>
) (conclusion.tex
File: ./figures/nthu-logo.pdf Graphic file (type pdf)
<use ./figures/nthu-logo.pdf>
 [33]
File: ./figures/nthu-logo.pdf Graphic file (type pdf)
<use ./figures/nthu-logo.pdf>
 [34]
Chapter 7.
)
File: ./figures/nthu-logo.pdf Graphic file (type pdf)
<use ./figures/nthu-logo.pdf>
 [35

]
File: ./figures/nthu-logo.pdf Graphic file (type pdf)
<use ./figures/nthu-logo.pdf>
 [36

] (bibliography.tex

Package fontspec Warning: Font 'MingLiU' does not contain script 'CJK'.
(fontspec)                 'Latin' script used instead.

File: ./figures/nthu-logo.pdf Graphic file (type pdf)
<use ./figures/nthu-logo.pdf>
[37

])
File: ./figures/nthu-logo.pdf Graphic file (type pdf)
<use ./figures/nthu-logo.pdf>
 [38]
Package atveryend Info: Empty hook `BeforeClearDocument' on input line 90.
Package atveryend Info: Empty hook `AfterLastShipout' on input line 90.
 (main.aux)
Package atveryend Info: Empty hook `AtVeryEndDocument' on input line 90.


 *File List*
NTHU_thesis.cls    2018/01/18 by sppmg
thesis_base.cls    2018/01/18 by sppmg
   iftex.sty    2013/04/04 v0.2 Provides if(tex) conditional for PDFTeX, XeTeX,
 and LuaTeX
  ifthen.sty    2014/09/29 v1.1c Standard LaTeX ifthen package (DPC)
etoolbox.sty    2018/08/19 v2.5f e-TeX tools for LaTeX (JAW)
ifplatform.sty    2017/10/13 v0.4a Testing for the operating system
shellesc.sty    2016/06/07 v0.02a unified shell escape interface for LaTeX
pdftexcmds.sty    2018/09/10 v0.29 Utility functions of pdfTeX for LuaTeX (HO)
infwarerr.sty    2016/05/16 v1.4 Providing info/warning/error messages (HO)
ifluatex.sty    2016/05/16 v1.4 Provides the ifluatex switch (HO)
 ltxcmds.sty    2016/05/16 v1.23 LaTeX kernel commands for general use (HO)
   ifpdf.sty    2018/09/07 v3.3 Provides the ifpdf switch
catchfile.sty    2016/05/16 v1.7 Catch the contents of a file (HO)
etexcmds.sty    2016/05/16 v1.6 Avoid name clashes with e-TeX commands (HO)
  xparse.sty    2018-10-17 L3 Experimental document command parser
   expl3.sty    2019-01-01 L3 programming layer (loader) 
expl3-code.tex    2019-01-01 L3 programming layer 
l3xdvipdfmx.def    
./config.tex
 extbook.cls    1999/01/07 v1.4a NON-Standard LaTeX document class
    bk12.clo    2018/09/03 v1.4i Standard LaTeX file (size option)
 exscale.sty    2018/09/24 v2.1i Standard LaTeX package exscale
fontspec.sty    2018/07/30 vv2.6h Font selection for XeLaTeX and LuaLaTeX
fontspec-xetex.sty    2018/07/30 vv2.6h Font selection for XeLaTeX and LuaLaTeX

 fontenc.sty
   tuenc.def    2018/08/11 v2.0j Standard LaTeX file
fontspec.cfg
   xeCJK.sty    2018/04/30 v3.7.1 Typesetting CJK scripts with XeLaTeX
xtemplate.sty    2018-10-17 L3 Experimental prototype document functions
l3keys2e.sty    2018-10-17 LaTeX2e option processing using LaTeX3 keys
   xeCJK.cfg    2018/04/30 v3.7.1 Configuration file for xeCJK package
geometry.sty    2018/04/16 v5.8 Page Geometry
  keyval.sty    2014/10/28 v1.15 key=value parser (DPC)
  ifvtex.sty    2016/05/16 v1.6 Detect VTeX and its facilities (HO)
 ifxetex.sty    2010/09/12 v0.6 Provides ifxetex conditional
geometry.cfg
  xcolor.sty    2016/05/11 v2.12 LaTeX color extensions (UK)
   color.cfg    2016/01/02 v1.6 sample color configuration
   xetex.def    2017/06/24 v5.0h Graphics/color driver for xetex
indentfirst.sty    1995/11/23 v1.03 Indent first paragraph (DPC)
titlesec.sty    2016/03/21 v2.10.2 Sectioning titles
titletoc.sty    2011/12/15 v1.6 TOC entries
fancyhdr.sty    2017/06/30 v3.9a Extensive control of page headers and footers
setspace.sty    2011/12/19 v6.7a set line spacing
biblatex.sty    2018/11/02 v3.12 programmable bibliographies (PK/MW)
kvoptions.sty    2016/05/16 v3.12 Key value format for package options (HO)
kvsetkeys.sty    2016/05/16 v1.17 Key value parser (HO)
  logreq.sty    2010/08/04 v1.0 xml request logger
  logreq.def    2010/08/04 v1.0 logreq spec v1.0
     url.sty    2013/09/16  ver 3.4  Verb mode for urls, etc.
  blx-dm.def    2018/11/02 v3.12 biblatex localization (PK/MW)
blx-unicode.def
blx-compat.def    2018/11/02 v3.12 biblatex compatibility (PK/MW)
biblatex.def    2018/11/02 v3.12 biblatex compatibility (PK/MW)
standard.bbx    2018/11/02 v3.12 biblatex bibliography style (PK/MW)
 numeric.bbx    2018/11/02 v3.12 biblatex bibliography style (PK/MW)
numeric-comp.bbx    2018/11/02 v3.12 biblatex bibliography style (PK/MW)
  nature.bbx    2018/10/18 v1.3c biblatex bibliography style
numeric-comp.cbx    2018/11/02 v3.12 biblatex citation style (PK/MW)
  nature.cbx    2018/10/18 v1.3c biblatex citation style
biblatex.cfg    
graphicx.sty    2017/06/01 v1.1a Enhanced LaTeX Graphics (DPC,SPQR)
graphics.sty    2017/06/25 v1.2c Standard LaTeX Graphics (DPC,SPQR)
    trig.sty    2016/01/03 v1.10 sin cos tan (DPC)
graphics.cfg    2016/06/04 v1.11 sample graphics configuration
pdfpages.sty    2017/10/31 v0.5l Insert pages of external PDF documents (AM)
    calc.sty    2017/05/25 v4.3 Infix arithmetic (KKT,FJ)
 eso-pic.sty    2018/04/12 v2.0h eso-pic (RN)
atbegshi.sty    2016/06/09 v1.18 At begin shipout hook (HO)
 ppxetex.def    2017/10/31 v0.5l Pdfpages driver for XeTeX (AM)
 caption.sty    2018/10/06 v3.3-154 Customizing captions (AR)
caption3.sty    2018/09/12 v1.8c caption3 kernel (AR)
subcaption.sty    2018/05/01 v1.1-162 Sub-captions (AR)
placeins.sty    2005/04/18  v 2.2
    tikz.sty    2019/01/05 v3.1 (3.1)
     pgf.sty    2019/01/05 v3.1 (3.1)
  pgfrcs.sty    2019/01/05 v3.1 (3.1)
everyshi.sty    2001/05/15 v3.00 EveryShipout Package (MS)
  pgfrcs.code.tex
 pgfcore.sty    2019/01/05 v3.1 (3.1)
  pgfsys.sty    2019/01/05 v3.1 (3.1)
  pgfsys.code.tex
pgfsyssoftpath.code.tex    2019/01/05 v3.1 (3.1)
pgfsysprotocol.code.tex    2019/01/05 v3.1 (3.1)
 pgfcore.code.tex
pgfcomp-version-0-65.sty    2019/01/05 v3.1 (3.1)
pgfcomp-version-1-18.sty    2019/01/05 v3.1 (3.1)
  pgffor.sty    2019/01/05 v3.1 (3.1)
 pgfkeys.sty    
 pgfkeys.code.tex
 pgfmath.sty    
 pgfmath.code.tex
  pgffor.code.tex
    tikz.code.tex
tabularx.sty    2016/02/03 v2.11b `tabularx' package (DPC)
   array.sty    2018/11/13 v2.4j Tabular extension package (FMi)
multirow.sty    2019/01/01 v2.4 Span multiple rows of a table
colortbl.sty    2018/12/12 v1.0d Color table columns (DPC)
floatrow.sty    2008/08/02 v0.3b floatrow: float package extension
 amsmath.sty    2018/12/01 v2.17b AMS math features
 amstext.sty    2000/06/29 v2.01 AMS text
  amsgen.sty    1999/11/30 v2.0 generic functions
  amsbsy.sty    1999/11/29 v1.2d Bold Symbols
  amsopn.sty    2016/03/08 v2.02 operator names
 siunitx.sty    2018/05/17 v2.7s A comprehensive (SI) units package
translator.sty    2018/01/04 v1.12 Easy translation of strings in LaTeX
  mhchem.sty    2018/06/22 v4.08 for typesetting chemical formulae
chemgreek.sty    2016/12/20 v1.1 interfaceforuprightgreeklettersforuseinchemist
ry (CN)
todonotes.sty    2018/11/22
 xkeyval.sty    2014/12/03 v2.7a package option processing (HA)
 xkeyval.tex    2014/12/03 v2.7a key=value parser (HA)
listingsutf8.sty    2016/05/16 v1.3 Allow UTF-8 in listings input (HO)
listings.sty    2018/09/02 1.7 (Carsten Heinz)
 lstmisc.sty    2018/09/02 1.7 (Carsten Heinz)
listings.cfg    2018/09/02 1.7 listings configuration
./macros_preamble.tex
zhnumber.sty    2018/01/28 v2.6 Typesetting numbers with Chinese glyphs
zhnumber-utf8.cfg    2018/01/28 v2.6 Chinese numerals with UTF8 encoding
hyperref.sty    2018/11/30 v6.88e Hypertext links for LaTeX
hobsub-hyperref.sty    2016/05/16 v1.14 Bundle oberdiek, subset hyperref (HO)
hobsub-generic.sty    2016/05/16 v1.14 Bundle oberdiek, subset generic (HO)
  hobsub.sty    2016/05/16 v1.14 Construct package bundles (HO)
 intcalc.sty    2016/05/16 v1.2 Expandable calculations with integers (HO)
kvdefinekeys.sty    2016/05/16 v1.4 Define keys (HO)
pdfescape.sty    2016/05/16 v1.14 Implements pdfTeX's escape features (HO)
bigintcalc.sty    2016/05/16 v1.4 Expandable calculations on big integers (HO)
  bitset.sty    2016/05/16 v1.2 Handle bit-vector datatype (HO)
uniquecounter.sty    2016/05/16 v1.3 Provide unlimited unique counter (HO)
letltxmacro.sty    2016/05/16 v1.5 Let assignment for LaTeX macros (HO)
 hopatch.sty    2016/05/16 v1.3 Wrapper for package hooks (HO)
xcolor-patch.sty    2016/05/16 xcolor patch
atveryend.sty    2016/05/16 v1.9 Hooks at the very end of document (HO)
refcount.sty    2016/05/16 v3.5 Data extraction from label references (HO)
 hycolor.sty    2016/05/16 v1.8 Color options for hyperref/bookmark (HO)
 auxhook.sty    2016/05/16 v1.4 Hooks for auxiliary files (HO)
  pd1enc.def    2018/11/30 v6.88e Hyperref: PDFDocEncoding definition (HO)
hyperref.cfg    2002/06/06 v1.2 hyperref configuration of TeXLive
  hxetex.def    2018/11/30 v6.88e Hyperref driver for XeTeX
   puenc.def    2018/11/30 v6.88e Hyperref: PDF Unicode definition (HO)
stringenc.sty    2016/05/16 v1.11 Convert strings between diff. encodings (HO)
rerunfilecheck.sty    2016/05/16 v1.8 Rerun checks for auxiliary files (HO)
se-ascii-print.def    2016/05/16 v1.11 stringenc: Printable ASCII characters
cleveref.sty    2018/03/27 v0.21.4 Intelligent cross-referencing
sppmgTools.sty    2016/11/29 by sppmg
standalone.sty    2018/03/26 v1.3a Package to include TeX sub-files with preamb
les
currfile.sty    2015/04/23 v0.7c Provides the file path elements of the current
 input file
filehook.sty    2011/10/12 v0.5d Hooks for input files
    main.sta
gincltex.sty    2011/09/04 v0.3 Include external LaTeX files like graphics
svn-prov.sty    2010/04/24 v3.1862 Package Date/Version from SVN Keywords
adjustbox.sty    2019/01/04 v1.2 Adjusting TeX boxes (trim, clip, ...)
 adjcalc.sty    2012/05/16 v1.1 Provides advanced setlength with multiple back-
ends (calc, etex, pgfmath)
trimclip.sty    2018/04/08 v1.1 Trim and clip general TeX material
collectbox.sty    2012/05/17 v0.4b Collect macro arguments as boxes
tc-xetex.def    2019/01/04 v2.2 Clipping driver for xetex
ifoddpage.sty    2016/04/23 v1.1 Conditionals for odd/even page detection
varwidth.sty    2009/03/30 ver 0.92;  Variable-width minipages
xeCJK-listings.sty    2018/04/30 v3.7.1 xeCJK patch file for listings
 english.lbx    2018/11/02 v3.12 biblatex localization (PK/MW)
    main.bbl
pdflscape.sty    2016/05/14 v0.11 Display of landscape pages in PDF (HO)
  lscape.sty    2000/10/22 v3.01 Landscape Pages (DPC)
translator-basic-dictionary-English.dict    
siunitx-abbreviations.cfg    2017/11/26 v2.7k siunitx: Abbreviated units
inputenc.sty    2018/08/11 v1.3c Input encoding file
./macros_document.tex
 nameref.sty    2016/05/21 v2.44 Cross-referencing by name of section
gettitlestring.sty    2016/05/16 v1.5 Cleanup title references (HO)
    main.out
    main.out
    main.sta
titlepage.tex
./figures/nthu-logo.pdf
./figures/nthu-logo.pdf
abstract_zh.tex
abstract_en.tex
./figures/nthu-logo.pdf
./figures/nthu-logo.pdf
acknowledgements.tex
./figures/nthu-logo.pdf
./figures/nthu-logo.pdf
./figures/nthu-logo.pdf
./figures/nthu-logo.pdf
./figures/nthu-logo.pdf
./figures/nthu-logo.pdf
introduction.tex
./figures/DM_search.png
./figures/nthu-logo.pdf
./figures/zp2HDM.png
./figures/nthu-logo.pdf
   ATLAS.tex
./figures/nthu-logo.pdf
./figures/nthu-logo.pdf
./figures/nthu-logo.pdf
./figures/ATLAS.png
./figures/Side_view.png
./figures/nthu-logo.pdf
./figures/nthu-logo.pdf
object_selection.tex
./figures/nthu-logo.pdf
./figures/nthu-logo.pdf
./figures/nthu-logo.pdf
./figures/nthu-logo.pdf
./figures/nthu-logo.pdf
./figures/nthu-logo.pdf
./figures/nthu-logo.pdf
event_selection.tex
./figures/nthu-logo.pdf
./figures/nthu-logo.pdf
./figures/nthu-logo.pdf
./figures/nthu-logo.pdf
./figures/ttbar.png
./figures/Wjets.png
./figures/Zjets.png
./figures/nthu-logo.pdf
background_estimation.tex
./figures/nthu-logo.pdf
./figures/nthu-logo.pdf
./figures/nthu-logo.pdf
./figures/OR_before.png
./figures/nthu-logo.pdf
./figures/OR_after.png
./figures/nthu-logo.pdf
./figures/unfixed_posW.jpg
./figures/fixed_posW.jpg
./figures/unfixed_negW.pdf
./figures/fixed_negW.pdf
./figures/nthu-logo.pdf
./figures/nthu-logo.pdf
./figures/nthu-logo.pdf
./figures/manybins.pdf
./figures/nthu-logo.pdf
  result.tex
./figures/nthu-logo.pdf
./figures/nthu-logo.pdf
./figures/nthu-logo.pdf
./figures/MET_SR.png
./figures/SR_mjj_150_200.png
./figures/SR_mjj_200_350.png
./figures/SR_mjj_350_500.png
./figures/SR_mJ_500.png
./figures/nthu-logo.pdf
./figures/exclusion.png
./figures/signal_strength.png
conclusion.tex
./figures/nthu-logo.pdf
./figures/nthu-logo.pdf
./figures/nthu-logo.pdf
./figures/nthu-logo.pdf
bibliography.tex
./figures/nthu-logo.pdf
./figures/nthu-logo.pdf
 ***********

Package atveryend Info: Executing hook `AtEndAfterFileList' on input line 90.
Package rerunfilecheck Info: File `main.out' has not changed.
(rerunfilecheck)             Checksum: 2661D76D252C64461033939756CBD2A0.

LaTeX Font Warning: Size substitutions with differences
(Font)              up to 0.72pt have occurred.

Package logreq Info: Writing requests to 'main.run.xml'.
\openout1 = `main.run.xml'.

 ) 
Here is how much of TeX's memory you used:
 50213 strings out of 427748
 1003602 string characters out of 3146446
 2466560 words of memory out of 3000000
 53530 multiletter control sequences out of 15000+200000
 540553 words of font info for 123 fonts, out of 3000000 for 9000
 1328 hyphenation exceptions out of 8191
 68i,17n,97p,1571b,5227s stack positions out of 5000i,500n,10000p,200000b,50000s

Output written on main.pdf (48 pages).
