\standalonepreambles
\subpreamble{titlepage.tex}

\endsubpreamble
\subpreamble{abstract_zh.tex}

\endsubpreamble
\subpreamble{abstract_en.tex}

\endsubpreamble
\subpreamble{acknowledgements.tex}

\endsubpreamble
\subpreamble{introduction.tex}

\endsubpreamble
\subpreamble{ATLAS.tex}

\endsubpreamble
\subpreamble{object_selection.tex}

\endsubpreamble
\subpreamble{event_selection.tex}

\endsubpreamble
\subpreamble{background_estimation.tex}

\endsubpreamble
\subpreamble{result.tex}

\endsubpreamble
\subpreamble{conclusion.tex}

\endsubpreamble
\subpreamble{bibliography.tex}

\endsubpreamble
\endstandalonepreambles
