\BOOKMARK [0][-]{chapter*.3}{摘要}{}% 1
\BOOKMARK [0][-]{chapter*.4}{Abstract}{}% 2
\BOOKMARK [0][-]{chapter*.5}{Acknowledgement}{}% 3
\BOOKMARK [0][-]{section*.7}{Contents}{}% 4
\BOOKMARK [0][-]{chapter*.11}{Glossary}{}% 5
\BOOKMARK [0][-]{chapter.1}{Introduction}{}% 6
\BOOKMARK [0][-]{chapter.2}{The\040ATLAS\040detector}{}% 7
\BOOKMARK [1][-]{section.2.1}{Coordinates}{chapter.2}% 8
\BOOKMARK [1][-]{section.2.2}{Components\040of\040ATLAS}{chapter.2}% 9
\BOOKMARK [2][-]{subsection.2.2.1}{Inner\040Detector}{section.2.2}% 10
\BOOKMARK [2][-]{subsection.2.2.2}{Calorimeters}{section.2.2}% 11
\BOOKMARK [2][-]{subsection.2.2.3}{Muon\040Spectrometer}{section.2.2}% 12
\BOOKMARK [2][-]{subsection.2.2.4}{Trigger\040System}{section.2.2}% 13
\BOOKMARK [0][-]{chapter.3}{Object\040Selection\040and\040Reconstruction}{}% 14
\BOOKMARK [1][-]{section.3.1}{Jets}{chapter.3}% 15
\BOOKMARK [1][-]{section.3.2}{Leptons}{chapter.3}% 16
\BOOKMARK [1][-]{section.3.3}{Missing\040Transverse\040Energy}{chapter.3}% 17
\BOOKMARK [1][-]{section.3.4}{Overlap\040Removal}{chapter.3}% 18
\BOOKMARK [0][-]{chapter.4}{Conclusion}{}% 19
\BOOKMARK [0][-]{chapter.5}{Chapter\040name\(demo\)}{}% 20
\BOOKMARK [1][-]{section.5.1}{Section\040name}{chapter.5}% 21
\BOOKMARK [2][-]{subsection.5.1.1}{Subsection\040name}{section.5.1}% 22
\BOOKMARK [0][-]{chapter.6}{Test\040demo}{}% 23
\BOOKMARK [0][-]{chapter.7}{figure}{}% 24
\BOOKMARK [1][-]{section.7.1}{Insert\040single\040figure\(by\040sppmg's\040tool\)}{chapter.7}% 25
\BOOKMARK [1][-]{section.7.2}{Insert\040figures}{chapter.7}% 26
\BOOKMARK [0][-]{chapter.8}{Table}{}% 27
\BOOKMARK [1][-]{section.8.1}{Simple\040table}{chapter.8}% 28
\BOOKMARK [1][-]{section.8.2}{Auto\040break\040line\040table}{chapter.8}% 29
\BOOKMARK [0][-]{appendix.A}{List\040of\040device}{}% 30
\BOOKMARK [0][-]{appendix.B}{Solutions}{}% 31
\BOOKMARK [1][-]{section.B.1}{The\040solution}{appendix.B}% 32
\BOOKMARK [0][-]{appendix.C}{Code}{}% 33
\BOOKMARK [1][-]{section.C.1}{C}{appendix.C}% 34
\BOOKMARK [1][-]{section.C.2}{Matlab}{appendix.C}% 35
\BOOKMARK [1][-]{section.C.3}{IDL}{appendix.C}% 36
